Analysis & Synthesis report for top
Mon Jan 27 14:33:19 2025
Quartus Prime Version 20.1.1 Build 720 11/11/2020 SJ Lite Edition


---------------------
; Table of Contents ;
---------------------
  1. Legal Notice
  2. Analysis & Synthesis Summary
  3. Analysis & Synthesis Settings
  4. Parallel Compilation
  5. Analysis & Synthesis Source Files Read
  6. Analysis & Synthesis Resource Usage Summary
  7. Analysis & Synthesis Resource Utilization by Entity
  8. State Machine - |top|spi_FSM:spi_fsm|state
  9. State Machine - |top|lcd_controller:lcd_controller|state
 10. State Machine - |top|fsm:main_fsm|state
 11. Registers Removed During Synthesis
 12. Removed Registers Triggering Further Register Optimizations
 13. General Register Statistics
 14. Inverted Register Statistics
 15. Multiplexer Restructuring Statistics (Restructuring Performed)
 16. Parameter Settings for User Entity Instance: debounce_fsm:btn_controller
 17. Parameter Settings for User Entity Instance: lcd_controller:lcd_controller
 18. Parameter Settings for User Entity Instance: spi_FSM:spi_fsm
 19. Parameter Settings for User Entity Instance: spi_FSM:spi_fsm|spi_core:spi
 20. Parameter Settings for User Entity Instance: clock_generator:tim_1Hz
 21. Parameter Settings for User Entity Instance: clock_generator:tim_100kHz
 22. Port Connectivity Checks: "spi_FSM:spi_fsm|spi_core:spi"
 23. Port Connectivity Checks: "lcd_controller:lcd_controller"
 24. Port Connectivity Checks: "debounce_fsm:btn_controller"
 25. Port Connectivity Checks: "fsm:main_fsm"
 26. Post-Synthesis Netlist Statistics for Top Partition
 27. Elapsed Time Per Partition
 28. Analysis & Synthesis Messages



----------------
; Legal Notice ;
----------------
Copyright (C) 2020  Intel Corporation. All rights reserved.
Your use of Intel Corporation's design tools, logic functions 
and other software and tools, and any partner logic 
functions, and any output files from any of the foregoing 
(including device programming or simulation files), and any 
associated documentation or information are expressly subject 
to the terms and conditions of the Intel Program License 
Subscription Agreement, the Intel Quartus Prime License Agreement,
the Intel FPGA IP License Agreement, or other applicable license
agreement, including, without limitation, that your use is for
the sole purpose of programming logic devices manufactured by
Intel and sold by Intel or its authorized distributors.  Please
refer to the applicable agreement for further details, at
https://fpgasoftware.intel.com/eula.



+-------------------------------------------------------------------------------+
; Analysis & Synthesis Summary                                                  ;
+---------------------------------+---------------------------------------------+
; Analysis & Synthesis Status     ; Successful - Mon Jan 27 14:33:19 2025       ;
; Quartus Prime Version           ; 20.1.1 Build 720 11/11/2020 SJ Lite Edition ;
; Revision Name                   ; top                                         ;
; Top-level Entity Name           ; top                                         ;
; Family                          ; Cyclone V                                   ;
; Logic utilization (in ALMs)     ; N/A                                         ;
; Total registers                 ; 158                                         ;
; Total pins                      ; 27                                          ;
; Total virtual pins              ; 0                                           ;
; Total block memory bits         ; 0                                           ;
; Total DSP Blocks                ; 0                                           ;
; Total HSSI RX PCSs              ; 0                                           ;
; Total HSSI PMA RX Deserializers ; 0                                           ;
; Total HSSI TX PCSs              ; 0                                           ;
; Total HSSI PMA TX Serializers   ; 0                                           ;
; Total PLLs                      ; 0                                           ;
; Total DLLs                      ; 0                                           ;
+---------------------------------+---------------------------------------------+


+---------------------------------------------------------------------------------------------------------------------------+
; Analysis & Synthesis Settings                                                                                             ;
+---------------------------------------------------------------------------------+--------------------+--------------------+
; Option                                                                          ; Setting            ; Default Value      ;
+---------------------------------------------------------------------------------+--------------------+--------------------+
; Device                                                                          ; 5CSEBA6U23I7S      ;                    ;
; Top-level entity name                                                           ; top                ; top                ;
; Family name                                                                     ; Cyclone V          ; Cyclone V          ;
; Use smart compilation                                                           ; Off                ; Off                ;
; Enable parallel Assembler and Timing Analyzer during compilation                ; On                 ; On                 ;
; Enable compact report table                                                     ; Off                ; Off                ;
; Restructure Multiplexers                                                        ; Auto               ; Auto               ;
; MLAB Add Timing Constraints For Mixed-Port Feed-Through Mode Setting Don't Care ; Off                ; Off                ;
; Create Debugging Nodes for IP Cores                                             ; Off                ; Off                ;
; Preserve fewer node names                                                       ; On                 ; On                 ;
; Intel FPGA IP Evaluation Mode                                                   ; Enable             ; Enable             ;
; Verilog Version                                                                 ; Verilog_2001       ; Verilog_2001       ;
; VHDL Version                                                                    ; VHDL_1993          ; VHDL_1993          ;
; State Machine Processing                                                        ; Auto               ; Auto               ;
; Safe State Machine                                                              ; Off                ; Off                ;
; Extract Verilog State Machines                                                  ; On                 ; On                 ;
; Extract VHDL State Machines                                                     ; On                 ; On                 ;
; Ignore Verilog initial constructs                                               ; Off                ; Off                ;
; Iteration limit for constant Verilog loops                                      ; 5000               ; 5000               ;
; Iteration limit for non-constant Verilog loops                                  ; 250                ; 250                ;
; Add Pass-Through Logic to Inferred RAMs                                         ; On                 ; On                 ;
; Infer RAMs from Raw Logic                                                       ; On                 ; On                 ;
; Parallel Synthesis                                                              ; On                 ; On                 ;
; DSP Block Balancing                                                             ; Auto               ; Auto               ;
; NOT Gate Push-Back                                                              ; On                 ; On                 ;
; Power-Up Don't Care                                                             ; On                 ; On                 ;
; Remove Redundant Logic Cells                                                    ; Off                ; Off                ;
; Remove Duplicate Registers                                                      ; On                 ; On                 ;
; Ignore CARRY Buffers                                                            ; Off                ; Off                ;
; Ignore CASCADE Buffers                                                          ; Off                ; Off                ;
; Ignore GLOBAL Buffers                                                           ; Off                ; Off                ;
; Ignore ROW GLOBAL Buffers                                                       ; Off                ; Off                ;
; Ignore LCELL Buffers                                                            ; Off                ; Off                ;
; Ignore SOFT Buffers                                                             ; On                 ; On                 ;
; Limit AHDL Integers to 32 Bits                                                  ; Off                ; Off                ;
; Optimization Technique                                                          ; Balanced           ; Balanced           ;
; Carry Chain Length                                                              ; 70                 ; 70                 ;
; Auto Carry Chains                                                               ; On                 ; On                 ;
; Auto Open-Drain Pins                                                            ; On                 ; On                 ;
; Perform WYSIWYG Primitive Resynthesis                                           ; Off                ; Off                ;
; Auto ROM Replacement                                                            ; On                 ; On                 ;
; Auto RAM Replacement                                                            ; On                 ; On                 ;
; Auto DSP Block Replacement                                                      ; On                 ; On                 ;
; Auto Shift Register Replacement                                                 ; Auto               ; Auto               ;
; Allow Shift Register Merging across Hierarchies                                 ; Auto               ; Auto               ;
; Auto Clock Enable Replacement                                                   ; On                 ; On                 ;
; Strict RAM Replacement                                                          ; Off                ; Off                ;
; Allow Synchronous Control Signals                                               ; On                 ; On                 ;
; Force Use of Synchronous Clear Signals                                          ; Off                ; Off                ;
; Auto Resource Sharing                                                           ; Off                ; Off                ;
; Allow Any RAM Size For Recognition                                              ; Off                ; Off                ;
; Allow Any ROM Size For Recognition                                              ; Off                ; Off                ;
; Allow Any Shift Register Size For Recognition                                   ; Off                ; Off                ;
; Use LogicLock Constraints during Resource Balancing                             ; On                 ; On                 ;
; Ignore translate_off and synthesis_off directives                               ; Off                ; Off                ;
; Timing-Driven Synthesis                                                         ; On                 ; On                 ;
; Report Parameter Settings                                                       ; On                 ; On                 ;
; Report Source Assignments                                                       ; On                 ; On                 ;
; Report Connectivity Checks                                                      ; On                 ; On                 ;
; Ignore Maximum Fan-Out Assignments                                              ; Off                ; Off                ;
; Synchronization Register Chain Length                                           ; 3                  ; 3                  ;
; Power Optimization During Synthesis                                             ; Normal compilation ; Normal compilation ;
; HDL message level                                                               ; Level2             ; Level2             ;
; Suppress Register Optimization Related Messages                                 ; Off                ; Off                ;
; Number of Removed Registers Reported in Synthesis Report                        ; 5000               ; 5000               ;
; Number of Swept Nodes Reported in Synthesis Report                              ; 5000               ; 5000               ;
; Number of Inverted Registers Reported in Synthesis Report                       ; 100                ; 100                ;
; Clock MUX Protection                                                            ; On                 ; On                 ;
; Auto Gated Clock Conversion                                                     ; Off                ; Off                ;
; Block Design Naming                                                             ; Auto               ; Auto               ;
; SDC constraint protection                                                       ; Off                ; Off                ;
; Synthesis Effort                                                                ; Auto               ; Auto               ;
; Shift Register Replacement - Allow Asynchronous Clear Signal                    ; On                 ; On                 ;
; Pre-Mapping Resynthesis Optimization                                            ; Off                ; Off                ;
; Analysis & Synthesis Message Level                                              ; Medium             ; Medium             ;
; Disable Register Merging Across Hierarchies                                     ; Auto               ; Auto               ;
; Resource Aware Inference For Block RAM                                          ; On                 ; On                 ;
; Automatic Parallel Synthesis                                                    ; On                 ; On                 ;
; Partial Reconfiguration Bitstream ID                                            ; Off                ; Off                ;
+---------------------------------------------------------------------------------+--------------------+--------------------+


+------------------------------------------+
; Parallel Compilation                     ;
+----------------------------+-------------+
; Processors                 ; Number      ;
+----------------------------+-------------+
; Number detected on machine ; 4           ;
; Maximum allowed            ; 2           ;
;                            ;             ;
; Average used               ; 1.00        ;
; Maximum used               ; 2           ;
;                            ;             ;
; Usage by Processor         ; % Time Used ;
;     Processor 1            ; 100.0%      ;
;     Processor 2            ;   0.0%      ;
+----------------------------+-------------+


+-------------------------------------------------------------------------------------------------------------------------------------------------------------------+
; Analysis & Synthesis Source Files Read                                                                                                                            ;
+----------------------------------+-----------------+-----------------+----------------------------------------------------------------------------------+---------+
; File Name with User-Entered Path ; Used in Netlist ; File Type       ; File Name with Absolute Path                                                     ; Library ;
+----------------------------------+-----------------+-----------------+----------------------------------------------------------------------------------+---------+
; spi_FSM.vhd                      ; yes             ; User VHDL File  ; C:/Users/stefa/OneDrive/Desktop/FPGA_project_Molari_Kretinin/spi_FSM.vhd         ;         ;
; spi_core.vhd                     ; yes             ; User VHDL File  ; C:/Users/stefa/OneDrive/Desktop/FPGA_project_Molari_Kretinin/spi_core.vhd        ;         ;
; debounce_fsm.vhd                 ; yes             ; User VHDL File  ; C:/Users/stefa/OneDrive/Desktop/FPGA_project_Molari_Kretinin/debounce_fsm.vhd    ;         ;
; fsm.vhd                          ; yes             ; User VHDL File  ; C:/Users/stefa/OneDrive/Desktop/FPGA_project_Molari_Kretinin/fsm.vhd             ;         ;
; clock_generator.vhd              ; yes             ; User VHDL File  ; C:/Users/stefa/OneDrive/Desktop/FPGA_project_Molari_Kretinin/clock_generator.vhd ;         ;
; lcd_controller.vhd               ; yes             ; User VHDL File  ; C:/Users/stefa/OneDrive/Desktop/FPGA_project_Molari_Kretinin/lcd_controller.vhd  ;         ;
; top.vhd                          ; yes             ; User VHDL File  ; C:/Users/stefa/OneDrive/Desktop/FPGA_project_Molari_Kretinin/top.vhd             ;         ;
+----------------------------------+-----------------+-----------------+----------------------------------------------------------------------------------+---------+


+------------------------------------------------------------------+
; Analysis & Synthesis Resource Usage Summary                      ;
+---------------------------------------------+--------------------+
; Resource                                    ; Usage              ;
+---------------------------------------------+--------------------+
; Estimate of Logic utilization (ALMs needed) ; 203                ;
;                                             ;                    ;
; Combinational ALUT usage for logic          ; 327                ;
;     -- 7 input functions                    ; 1                  ;
;     -- 6 input functions                    ; 76                 ;
;     -- 5 input functions                    ; 41                 ;
;     -- 4 input functions                    ; 22                 ;
;     -- <=3 input functions                  ; 187                ;
;                                             ;                    ;
; Dedicated logic registers                   ; 158                ;
;                                             ;                    ;
; I/O pins                                    ; 27                 ;
;                                             ;                    ;
; Total DSP Blocks                            ; 0                  ;
;                                             ;                    ;
; Maximum fan-out node                        ; FPGA_CLK1_50~input ;
; Maximum fan-out                             ; 80                 ;
; Total fan-out                               ; 1633               ;
; Average fan-out                             ; 3.01               ;
+---------------------------------------------+--------------------+


+-------------------------------------------------------------------------------------------------------------------------------------------------------------------------------------------------------------------+
; Analysis & Synthesis Resource Utilization by Entity                                                                                                                                                               ;
+------------------------------------+---------------------+---------------------------+-------------------+------------+------+--------------+------------------------------------+-----------------+--------------+
; Compilation Hierarchy Node         ; Combinational ALUTs ; Dedicated Logic Registers ; Block Memory Bits ; DSP Blocks ; Pins ; Virtual Pins ; Full Hierarchy Name                ; Entity Name     ; Library Name ;
+------------------------------------+---------------------+---------------------------+-------------------+------------+------+--------------+------------------------------------+-----------------+--------------+
; |top                               ; 327 (0)             ; 158 (0)                   ; 0                 ; 0          ; 27   ; 0            ; |top                               ; top             ; work         ;
;    |clock_generator:tim_100kHz|    ; 12 (12)             ; 10 (10)                   ; 0                 ; 0          ; 0    ; 0            ; |top|clock_generator:tim_100kHz    ; clock_generator ; work         ;
;    |clock_generator:tim_1Hz|       ; 34 (34)             ; 27 (27)                   ; 0                 ; 0          ; 0    ; 0            ; |top|clock_generator:tim_1Hz       ; clock_generator ; work         ;
;    |debounce_fsm:btn_controller|   ; 76 (76)             ; 37 (37)                   ; 0                 ; 0          ; 0    ; 0            ; |top|debounce_fsm:btn_controller   ; debounce_fsm    ; work         ;
;    |fsm:main_fsm|                  ; 65 (65)             ; 41 (41)                   ; 0                 ; 0          ; 0    ; 0            ; |top|fsm:main_fsm                  ; fsm             ; work         ;
;    |lcd_controller:lcd_controller| ; 140 (140)           ; 43 (43)                   ; 0                 ; 0          ; 0    ; 0            ; |top|lcd_controller:lcd_controller ; lcd_controller  ; work         ;
+------------------------------------+---------------------+---------------------------+-------------------+------------+------+--------------+------------------------------------+-----------------+--------------+
Note: For table entries with two numbers listed, the numbers in parentheses indicate the number of resources of the given type used by the specific entity alone. The numbers listed outside of parentheses indicate the total resources of the given type used by the specific entity and all of its sub-entities in the hierarchy.


Encoding Type:  One-Hot
+----------------------------------------------------------------------------------------------------------------------------------------------------------------------------------------------------------------------------------------------------------+
; State Machine - |top|spi_FSM:spi_fsm|state                                                                                                                                                                                                               ;
+-----------------------+--------------+---------------+---------------+---------------+------------------+-------------------+--------------------+----------------+----------------+--------------+--------------+-----------------------+---------------+
; Name                  ; state.DONE_S ; state.WRITE_Z ; state.WRITE_Y ; state.WRITE_X ; state.WRITE_PATH ; state.CORDIC_DONE ; state.START_CORDIC ; state.READ_Z_H ; state.READ_Z_L ; state.READ_Y ; state.READ_X ; state.WAIT_PATH_START ; state.RESET_S ;
+-----------------------+--------------+---------------+---------------+---------------+------------------+-------------------+--------------------+----------------+----------------+--------------+--------------+-----------------------+---------------+
; state.RESET_S         ; 0            ; 0             ; 0             ; 0             ; 0                ; 0                 ; 0                  ; 0              ; 0              ; 0            ; 0            ; 0                     ; 0             ;
; state.WAIT_PATH_START ; 0            ; 0             ; 0             ; 0             ; 0                ; 0                 ; 0                  ; 0              ; 0              ; 0            ; 0            ; 1                     ; 1             ;
; state.READ_X          ; 0            ; 0             ; 0             ; 0             ; 0                ; 0                 ; 0                  ; 0              ; 0              ; 0            ; 1            ; 0                     ; 1             ;
; state.READ_Y          ; 0            ; 0             ; 0             ; 0             ; 0                ; 0                 ; 0                  ; 0              ; 0              ; 1            ; 0            ; 0                     ; 1             ;
; state.READ_Z_L        ; 0            ; 0             ; 0             ; 0             ; 0                ; 0                 ; 0                  ; 0              ; 1              ; 0            ; 0            ; 0                     ; 1             ;
; state.READ_Z_H        ; 0            ; 0             ; 0             ; 0             ; 0                ; 0                 ; 0                  ; 1              ; 0              ; 0            ; 0            ; 0                     ; 1             ;
; state.START_CORDIC    ; 0            ; 0             ; 0             ; 0             ; 0                ; 0                 ; 1                  ; 0              ; 0              ; 0            ; 0            ; 0                     ; 1             ;
; state.CORDIC_DONE     ; 0            ; 0             ; 0             ; 0             ; 0                ; 1                 ; 0                  ; 0              ; 0              ; 0            ; 0            ; 0                     ; 1             ;
; state.WRITE_PATH      ; 0            ; 0             ; 0             ; 0             ; 1                ; 0                 ; 0                  ; 0              ; 0              ; 0            ; 0            ; 0                     ; 1             ;
; state.WRITE_X         ; 0            ; 0             ; 0             ; 1             ; 0                ; 0                 ; 0                  ; 0              ; 0              ; 0            ; 0            ; 0                     ; 1             ;
; state.WRITE_Y         ; 0            ; 0             ; 1             ; 0             ; 0                ; 0                 ; 0                  ; 0              ; 0              ; 0            ; 0            ; 0                     ; 1             ;
; state.WRITE_Z         ; 0            ; 1             ; 0             ; 0             ; 0                ; 0                 ; 0                  ; 0              ; 0              ; 0            ; 0            ; 0                     ; 1             ;
; state.DONE_S          ; 1            ; 0             ; 0             ; 0             ; 0                ; 0                 ; 0                  ; 0              ; 0              ; 0            ; 0            ; 0                     ; 1             ;
+-----------------------+--------------+---------------+---------------+---------------+------------------+-------------------+--------------------+----------------+----------------+--------------+--------------+-----------------------+---------------+


Encoding Type:  One-Hot
+---------------------------------------------------------------------------------+
; State Machine - |top|lcd_controller:lcd_controller|state                        ;
+------------------+------------+-------------+------------------+----------------+
; Name             ; state.send ; state.ready ; state.initialize ; state.power_up ;
+------------------+------------+-------------+------------------+----------------+
; state.power_up   ; 0          ; 0           ; 0                ; 0              ;
; state.initialize ; 0          ; 0           ; 1                ; 1              ;
; state.ready      ; 0          ; 1           ; 0                ; 1              ;
; state.send       ; 1          ; 0           ; 0                ; 1              ;
+------------------+------------+-------------+------------------+----------------+


Encoding Type:  One-Hot
+------------------------------------------------------------------------------------------------------------------------------------------------------------------------------------------------------------------------------------------------------------------------------------------------------------------------------------------------+
; State Machine - |top|fsm:main_fsm|state                                                                                                                                                                                                                                                                                                        ;
+-------------------+--------------+--------------+--------------+--------------+--------------+--------------+--------------+--------------+--------------+--------------+--------------+--------------+-----------------+------------------+------------+----------------+----------------+------------------+-------------------+-------------+
; Name              ; state.PRSD_9 ; state.PRSD_8 ; state.PRSD_7 ; state.PRSD_6 ; state.PRSD_5 ; state.PRSD_4 ; state.PRSD_3 ; state.PRSD_2 ; state.PRSD_1 ; state.PRSD_0 ; state.PRSD_L ; state.PRSD_R ; state.PRSD_DOWN ; state.PRESSED_UP ; state.SEND ; state.PRSD_MSG ; state.PRSD_CMD ; state.WAIT_INPUT ; state.DISPL_CLEAR ; state.START ;
+-------------------+--------------+--------------+--------------+--------------+--------------+--------------+--------------+--------------+--------------+--------------+--------------+--------------+-----------------+------------------+------------+----------------+----------------+------------------+-------------------+-------------+
; state.START       ; 0            ; 0            ; 0            ; 0            ; 0            ; 0            ; 0            ; 0            ; 0            ; 0            ; 0            ; 0            ; 0               ; 0                ; 0          ; 0              ; 0              ; 0                ; 0                 ; 0           ;
; state.DISPL_CLEAR ; 0            ; 0            ; 0            ; 0            ; 0            ; 0            ; 0            ; 0            ; 0            ; 0            ; 0            ; 0            ; 0               ; 0                ; 0          ; 0              ; 0              ; 0                ; 1                 ; 1           ;
; state.WAIT_INPUT  ; 0            ; 0            ; 0            ; 0            ; 0            ; 0            ; 0            ; 0            ; 0            ; 0            ; 0            ; 0            ; 0               ; 0                ; 0          ; 0              ; 0              ; 1                ; 0                 ; 1           ;
; state.PRSD_CMD    ; 0            ; 0            ; 0            ; 0            ; 0            ; 0            ; 0            ; 0            ; 0            ; 0            ; 0            ; 0            ; 0               ; 0                ; 0          ; 0              ; 1              ; 0                ; 0                 ; 1           ;
; state.PRSD_MSG    ; 0            ; 0            ; 0            ; 0            ; 0            ; 0            ; 0            ; 0            ; 0            ; 0            ; 0            ; 0            ; 0               ; 0                ; 0          ; 1              ; 0              ; 0                ; 0                 ; 1           ;
; state.SEND        ; 0            ; 0            ; 0            ; 0            ; 0            ; 0            ; 0            ; 0            ; 0            ; 0            ; 0            ; 0            ; 0               ; 0                ; 1          ; 0              ; 0              ; 0                ; 0                 ; 1           ;
; state.PRESSED_UP  ; 0            ; 0            ; 0            ; 0            ; 0            ; 0            ; 0            ; 0            ; 0            ; 0            ; 0            ; 0            ; 0               ; 1                ; 0          ; 0              ; 0              ; 0                ; 0                 ; 1           ;
; state.PRSD_DOWN   ; 0            ; 0            ; 0            ; 0            ; 0            ; 0            ; 0            ; 0            ; 0            ; 0            ; 0            ; 0            ; 1               ; 0                ; 0          ; 0              ; 0              ; 0                ; 0                 ; 1           ;
; state.PRSD_R      ; 0            ; 0            ; 0            ; 0            ; 0            ; 0            ; 0            ; 0            ; 0            ; 0            ; 0            ; 1            ; 0               ; 0                ; 0          ; 0              ; 0              ; 0                ; 0                 ; 1           ;
; state.PRSD_L      ; 0            ; 0            ; 0            ; 0            ; 0            ; 0            ; 0            ; 0            ; 0            ; 0            ; 1            ; 0            ; 0               ; 0                ; 0          ; 0              ; 0              ; 0                ; 0                 ; 1           ;
; state.PRSD_0      ; 0            ; 0            ; 0            ; 0            ; 0            ; 0            ; 0            ; 0            ; 0            ; 1            ; 0            ; 0            ; 0               ; 0                ; 0          ; 0              ; 0              ; 0                ; 0                 ; 1           ;
; state.PRSD_1      ; 0            ; 0            ; 0            ; 0            ; 0            ; 0            ; 0            ; 0            ; 1            ; 0            ; 0            ; 0            ; 0               ; 0                ; 0          ; 0              ; 0              ; 0                ; 0                 ; 1           ;
; state.PRSD_2      ; 0            ; 0            ; 0            ; 0            ; 0            ; 0            ; 0            ; 1            ; 0            ; 0            ; 0            ; 0            ; 0               ; 0                ; 0          ; 0              ; 0              ; 0                ; 0                 ; 1           ;
; state.PRSD_3      ; 0            ; 0            ; 0            ; 0            ; 0            ; 0            ; 1            ; 0            ; 0            ; 0            ; 0            ; 0            ; 0               ; 0                ; 0          ; 0              ; 0              ; 0                ; 0                 ; 1           ;
; state.PRSD_4      ; 0            ; 0            ; 0            ; 0            ; 0            ; 1            ; 0            ; 0            ; 0            ; 0            ; 0            ; 0            ; 0               ; 0                ; 0          ; 0              ; 0              ; 0                ; 0                 ; 1           ;
; state.PRSD_5      ; 0            ; 0            ; 0            ; 0            ; 1            ; 0            ; 0            ; 0            ; 0            ; 0            ; 0            ; 0            ; 0               ; 0                ; 0          ; 0              ; 0              ; 0                ; 0                 ; 1           ;
; state.PRSD_6      ; 0            ; 0            ; 0            ; 1            ; 0            ; 0            ; 0            ; 0            ; 0            ; 0            ; 0            ; 0            ; 0               ; 0                ; 0          ; 0              ; 0              ; 0                ; 0                 ; 1           ;
; state.PRSD_7      ; 0            ; 0            ; 1            ; 0            ; 0            ; 0            ; 0            ; 0            ; 0            ; 0            ; 0            ; 0            ; 0               ; 0                ; 0          ; 0              ; 0              ; 0                ; 0                 ; 1           ;
; state.PRSD_8      ; 0            ; 1            ; 0            ; 0            ; 0            ; 0            ; 0            ; 0            ; 0            ; 0            ; 0            ; 0            ; 0               ; 0                ; 0          ; 0              ; 0              ; 0                ; 0                 ; 1           ;
; state.PRSD_9      ; 1            ; 0            ; 0            ; 0            ; 0            ; 0            ; 0            ; 0            ; 0            ; 0            ; 0            ; 0            ; 0               ; 0                ; 0          ; 0              ; 0              ; 0                ; 0                 ; 1           ;
+-------------------+--------------+--------------+--------------+--------------+--------------+--------------+--------------+--------------+--------------+--------------+--------------+--------------+-----------------+------------------+------------+----------------+----------------+------------------+-------------------+-------------+


+----------------------------------------------------------------------------------------------------------------+
; Registers Removed During Synthesis                                                                             ;
+--------------------------------------------------------+-------------------------------------------------------+
; Register name                                          ; Reason for Removal                                    ;
+--------------------------------------------------------+-------------------------------------------------------+
; lcd_controller:lcd_controller|lcd_data[5]              ; Merged with lcd_controller:lcd_controller|lcd_data[4] ;
; lcd_controller:lcd_controller|lcd_data[7]              ; Merged with lcd_controller:lcd_controller|lcd_data[6] ;
; fsm:main_fsm|lcd_bus[5,9]                              ; Merged with fsm:main_fsm|lcd_bus[4]                   ;
; fsm:main_fsm|lcd_bus[7,8]                              ; Merged with fsm:main_fsm|lcd_bus[6]                   ;
; debounce_fsm:btn_controller|btn_num[2..9,11..30]       ; Merged with debounce_fsm:btn_controller|btn_num[10]   ;
; fsm:main_fsm|lcd_bus[3]                                ; Merged with fsm:main_fsm|lcd_bus[2]                   ;
; spi_FSM:spi_fsm|spi_core:spi|data_to_sent[0]           ; Stuck at GND due to stuck port data_in                ;
; debounce_fsm:btn_controller|btn_num[10]                ; Stuck at GND due to stuck port data_in                ;
; fsm:main_fsm|lcd_bus[2,6]                              ; Stuck at GND due to stuck port data_in                ;
; lcd_controller:lcd_controller|rw                       ; Stuck at GND due to stuck port data_in                ;
; lcd_controller:lcd_controller|lcd_data[6]              ; Stuck at GND due to stuck port data_in                ;
; fsm:main_fsm|state.PRSD_CMD                            ; Lost fanout                                           ;
; fsm:main_fsm|state.PRESSED_UP                          ; Lost fanout                                           ;
; fsm:main_fsm|state.PRSD_DOWN                           ; Lost fanout                                           ;
; fsm:main_fsm|state.PRSD_R                              ; Lost fanout                                           ;
; fsm:main_fsm|state.PRSD_L                              ; Lost fanout                                           ;
; fsm:main_fsm|state.PRSD_0                              ; Lost fanout                                           ;
; fsm:main_fsm|state.PRSD_1                              ; Lost fanout                                           ;
; fsm:main_fsm|state.PRSD_2                              ; Lost fanout                                           ;
; fsm:main_fsm|state.PRSD_3                              ; Lost fanout                                           ;
; fsm:main_fsm|state.PRSD_4                              ; Lost fanout                                           ;
; fsm:main_fsm|state.PRSD_5                              ; Lost fanout                                           ;
; fsm:main_fsm|state.PRSD_6                              ; Lost fanout                                           ;
; fsm:main_fsm|state.PRSD_7                              ; Lost fanout                                           ;
; fsm:main_fsm|state.PRSD_8                              ; Lost fanout                                           ;
; fsm:main_fsm|state.PRSD_9                              ; Lost fanout                                           ;
; spi_FSM:spi_fsm|state.WRITE_PATH                       ; Stuck at GND due to stuck port data_in                ;
; spi_FSM:spi_fsm|state.WRITE_X                          ; Stuck at GND due to stuck port data_in                ;
; spi_FSM:spi_fsm|spi_core:spi|data_to_sent[1..15]       ; Stuck at GND due to stuck port data_in                ;
; spi_FSM:spi_fsm|spi_core:spi|SPI_MISO                  ; Stuck at GND due to stuck port data_in                ;
; spi_FSM:spi_fsm|state.WRITE_Y                          ; Stuck at GND due to stuck port data_in                ;
; spi_FSM:spi_fsm|state.WRITE_Z                          ; Stuck at GND due to stuck port data_in                ;
; spi_FSM:spi_fsm|state.DONE_S                           ; Stuck at GND due to stuck port data_in                ;
; spi_FSM:spi_fsm|spi_core:spi|sck_synchronizer[0,1,6,7] ; Lost fanout                                           ;
; spi_FSM:spi_fsm|spi_core:spi|rise_flag                 ; Lost fanout                                           ;
; spi_FSM:spi_fsm|spi_core:spi|MISO_counter[0..4]        ; Lost fanout                                           ;
; spi_FSM:spi_fsm|spi_core:spi|sck_synchronizer[5]       ; Lost fanout                                           ;
; spi_FSM:spi_fsm|spi_core:spi|fall_flag                 ; Lost fanout                                           ;
; spi_FSM:spi_fsm|state.RESET_S                          ; Lost fanout                                           ;
; spi_FSM:spi_fsm|state.WAIT_PATH_START                  ; Lost fanout                                           ;
; spi_FSM:spi_fsm|spi_core:spi|sck_synchronizer[4]       ; Lost fanout                                           ;
; spi_FSM:spi_fsm|spi_core:spi|data_out[0..15]           ; Lost fanout                                           ;
; spi_FSM:spi_fsm|spi_core:spi|SPI_rd_wr_done_flag       ; Lost fanout                                           ;
; spi_FSM:spi_fsm|state.START_CORDIC                     ; Lost fanout                                           ;
; spi_FSM:spi_fsm|state.CORDIC_DONE                      ; Lost fanout                                           ;
; spi_FSM:spi_fsm|spi_core:spi|sck_synchronizer[3]       ; Lost fanout                                           ;
; spi_FSM:spi_fsm|spi_core:spi|data_to_read[15]          ; Lost fanout                                           ;
; spi_FSM:spi_fsm|spi_core:spi|MOSI_counter[0..4]        ; Lost fanout                                           ;
; spi_FSM:spi_fsm|spi_core:spi|data_to_read[0..14]       ; Lost fanout                                           ;
; spi_FSM:spi_fsm|state.READ_Z_H                         ; Lost fanout                                           ;
; spi_FSM:spi_fsm|spi_core:spi|sck_synchronizer[2]       ; Lost fanout                                           ;
; spi_FSM:spi_fsm|state.READ_Z_L                         ; Lost fanout                                           ;
; spi_FSM:spi_fsm|state.READ_Y                           ; Lost fanout                                           ;
; spi_FSM:spi_fsm|state.READ_X                           ; Lost fanout                                           ;
; Total Number of Removed Registers = 138                ;                                                       ;
+--------------------------------------------------------+-------------------------------------------------------+


+----------------------------------------------------------------------------------------------------------------------------------------------------------------+
; Removed Registers Triggering Further Register Optimizations                                                                                                    ;
+----------------------------------------------+---------------------------+-------------------------------------------------------------------------------------+
; Register name                                ; Reason for Removal        ; Registers Removed due to This Register                                              ;
+----------------------------------------------+---------------------------+-------------------------------------------------------------------------------------+
; spi_FSM:spi_fsm|state.WRITE_PATH             ; Stuck at GND              ; spi_FSM:spi_fsm|spi_core:spi|data_to_sent[3],                                       ;
;                                              ; due to stuck port data_in ; spi_FSM:spi_fsm|spi_core:spi|data_to_sent[4],                                       ;
;                                              ;                           ; spi_FSM:spi_fsm|spi_core:spi|data_to_sent[5],                                       ;
;                                              ;                           ; spi_FSM:spi_fsm|spi_core:spi|data_to_sent[6],                                       ;
;                                              ;                           ; spi_FSM:spi_fsm|spi_core:spi|data_to_sent[7],                                       ;
;                                              ;                           ; spi_FSM:spi_fsm|spi_core:spi|data_to_sent[8],                                       ;
;                                              ;                           ; spi_FSM:spi_fsm|spi_core:spi|data_to_sent[9],                                       ;
;                                              ;                           ; spi_FSM:spi_fsm|spi_core:spi|data_to_sent[10],                                      ;
;                                              ;                           ; spi_FSM:spi_fsm|spi_core:spi|data_to_sent[11],                                      ;
;                                              ;                           ; spi_FSM:spi_fsm|spi_core:spi|data_to_sent[12],                                      ;
;                                              ;                           ; spi_FSM:spi_fsm|spi_core:spi|data_to_sent[13],                                      ;
;                                              ;                           ; spi_FSM:spi_fsm|spi_core:spi|data_to_sent[14],                                      ;
;                                              ;                           ; spi_FSM:spi_fsm|spi_core:spi|data_to_sent[15],                                      ;
;                                              ;                           ; spi_FSM:spi_fsm|spi_core:spi|SPI_MISO,                                              ;
;                                              ;                           ; spi_FSM:spi_fsm|spi_core:spi|MISO_counter[0], spi_FSM:spi_fsm|state.RESET_S,        ;
;                                              ;                           ; spi_FSM:spi_fsm|state.WAIT_PATH_START, spi_FSM:spi_fsm|spi_core:spi|data_out[15],   ;
;                                              ;                           ; spi_FSM:spi_fsm|spi_core:spi|data_out[14],                                          ;
;                                              ;                           ; spi_FSM:spi_fsm|spi_core:spi|data_out[13],                                          ;
;                                              ;                           ; spi_FSM:spi_fsm|spi_core:spi|data_out[12],                                          ;
;                                              ;                           ; spi_FSM:spi_fsm|spi_core:spi|data_out[11],                                          ;
;                                              ;                           ; spi_FSM:spi_fsm|spi_core:spi|data_out[10],                                          ;
;                                              ;                           ; spi_FSM:spi_fsm|spi_core:spi|SPI_rd_wr_done_flag,                                   ;
;                                              ;                           ; spi_FSM:spi_fsm|state.START_CORDIC, spi_FSM:spi_fsm|state.CORDIC_DONE,              ;
;                                              ;                           ; spi_FSM:spi_fsm|spi_core:spi|data_to_read[15],                                      ;
;                                              ;                           ; spi_FSM:spi_fsm|spi_core:spi|MOSI_counter[4],                                       ;
;                                              ;                           ; spi_FSM:spi_fsm|spi_core:spi|MOSI_counter[3],                                       ;
;                                              ;                           ; spi_FSM:spi_fsm|spi_core:spi|MOSI_counter[2],                                       ;
;                                              ;                           ; spi_FSM:spi_fsm|spi_core:spi|MOSI_counter[1],                                       ;
;                                              ;                           ; spi_FSM:spi_fsm|spi_core:spi|MOSI_counter[0],                                       ;
;                                              ;                           ; spi_FSM:spi_fsm|spi_core:spi|data_to_read[14],                                      ;
;                                              ;                           ; spi_FSM:spi_fsm|spi_core:spi|data_to_read[13],                                      ;
;                                              ;                           ; spi_FSM:spi_fsm|spi_core:spi|data_to_read[12],                                      ;
;                                              ;                           ; spi_FSM:spi_fsm|spi_core:spi|data_to_read[11],                                      ;
;                                              ;                           ; spi_FSM:spi_fsm|spi_core:spi|data_to_read[10], spi_FSM:spi_fsm|state.READ_Z_H,      ;
;                                              ;                           ; spi_FSM:spi_fsm|state.READ_Z_L, spi_FSM:spi_fsm|state.READ_Y,                       ;
;                                              ;                           ; spi_FSM:spi_fsm|state.READ_X                                                        ;
; spi_FSM:spi_fsm|spi_core:spi|data_to_sent[0] ; Stuck at GND              ; spi_FSM:spi_fsm|spi_core:spi|data_to_sent[1],                                       ;
;                                              ; due to stuck port data_in ; spi_FSM:spi_fsm|spi_core:spi|data_to_sent[2],                                       ;
;                                              ;                           ; spi_FSM:spi_fsm|spi_core:spi|sck_synchronizer[7],                                   ;
;                                              ;                           ; spi_FSM:spi_fsm|spi_core:spi|sck_synchronizer[6],                                   ;
;                                              ;                           ; spi_FSM:spi_fsm|spi_core:spi|sck_synchronizer[1],                                   ;
;                                              ;                           ; spi_FSM:spi_fsm|spi_core:spi|sck_synchronizer[0],                                   ;
;                                              ;                           ; spi_FSM:spi_fsm|spi_core:spi|rise_flag,                                             ;
;                                              ;                           ; spi_FSM:spi_fsm|spi_core:spi|MISO_counter[4],                                       ;
;                                              ;                           ; spi_FSM:spi_fsm|spi_core:spi|MISO_counter[3],                                       ;
;                                              ;                           ; spi_FSM:spi_fsm|spi_core:spi|MISO_counter[2],                                       ;
;                                              ;                           ; spi_FSM:spi_fsm|spi_core:spi|MISO_counter[1],                                       ;
;                                              ;                           ; spi_FSM:spi_fsm|spi_core:spi|sck_synchronizer[5],                                   ;
;                                              ;                           ; spi_FSM:spi_fsm|spi_core:spi|fall_flag,                                             ;
;                                              ;                           ; spi_FSM:spi_fsm|spi_core:spi|sck_synchronizer[4],                                   ;
;                                              ;                           ; spi_FSM:spi_fsm|spi_core:spi|sck_synchronizer[3],                                   ;
;                                              ;                           ; spi_FSM:spi_fsm|spi_core:spi|sck_synchronizer[2]                                    ;
; debounce_fsm:btn_controller|btn_num[10]      ; Stuck at GND              ; fsm:main_fsm|lcd_bus[6], fsm:main_fsm|lcd_bus[2], lcd_controller:lcd_controller|rw, ;
;                                              ; due to stuck port data_in ; lcd_controller:lcd_controller|lcd_data[6]                                           ;
; spi_FSM:spi_fsm|state.WRITE_X                ; Stuck at GND              ; spi_FSM:spi_fsm|state.WRITE_Y, spi_FSM:spi_fsm|state.WRITE_Z,                       ;
;                                              ; due to stuck port data_in ; spi_FSM:spi_fsm|state.DONE_S                                                        ;
; spi_FSM:spi_fsm|spi_core:spi|data_out[9]     ; Lost Fanouts              ; spi_FSM:spi_fsm|spi_core:spi|data_to_read[9]                                        ;
; spi_FSM:spi_fsm|spi_core:spi|data_out[8]     ; Lost Fanouts              ; spi_FSM:spi_fsm|spi_core:spi|data_to_read[8]                                        ;
; spi_FSM:spi_fsm|spi_core:spi|data_out[7]     ; Lost Fanouts              ; spi_FSM:spi_fsm|spi_core:spi|data_to_read[7]                                        ;
; spi_FSM:spi_fsm|spi_core:spi|data_out[6]     ; Lost Fanouts              ; spi_FSM:spi_fsm|spi_core:spi|data_to_read[6]                                        ;
; spi_FSM:spi_fsm|spi_core:spi|data_out[5]     ; Lost Fanouts              ; spi_FSM:spi_fsm|spi_core:spi|data_to_read[5]                                        ;
; spi_FSM:spi_fsm|spi_core:spi|data_out[4]     ; Lost Fanouts              ; spi_FSM:spi_fsm|spi_core:spi|data_to_read[4]                                        ;
; spi_FSM:spi_fsm|spi_core:spi|data_out[3]     ; Lost Fanouts              ; spi_FSM:spi_fsm|spi_core:spi|data_to_read[3]                                        ;
; spi_FSM:spi_fsm|spi_core:spi|data_out[2]     ; Lost Fanouts              ; spi_FSM:spi_fsm|spi_core:spi|data_to_read[2]                                        ;
; spi_FSM:spi_fsm|spi_core:spi|data_out[1]     ; Lost Fanouts              ; spi_FSM:spi_fsm|spi_core:spi|data_to_read[1]                                        ;
; spi_FSM:spi_fsm|spi_core:spi|data_out[0]     ; Lost Fanouts              ; spi_FSM:spi_fsm|spi_core:spi|data_to_read[0]                                        ;
+----------------------------------------------+---------------------------+-------------------------------------------------------------------------------------+


+------------------------------------------------------+
; General Register Statistics                          ;
+----------------------------------------------+-------+
; Statistic                                    ; Value ;
+----------------------------------------------+-------+
; Total registers                              ; 158   ;
; Number of registers using Synchronous Clear  ; 86    ;
; Number of registers using Synchronous Load   ; 0     ;
; Number of registers using Asynchronous Clear ; 0     ;
; Number of registers using Asynchronous Load  ; 0     ;
; Number of registers using Clock Enable       ; 59    ;
; Number of registers using Preset             ; 0     ;
+----------------------------------------------+-------+


+---------------------------------------------------+
; Inverted Register Statistics                      ;
+-----------------------------------------+---------+
; Inverted Register                       ; Fan out ;
+-----------------------------------------+---------+
; fsm:main_fsm|delay[0]                   ; 2       ;
; fsm:main_fsm|delay[1]                   ; 2       ;
; fsm:main_fsm|delay[2]                   ; 2       ;
; fsm:main_fsm|delay[3]                   ; 2       ;
; fsm:main_fsm|delay[8]                   ; 2       ;
; fsm:main_fsm|delay[9]                   ; 2       ;
; fsm:main_fsm|delay[10]                  ; 2       ;
; fsm:main_fsm|delay[13]                  ; 2       ;
; debounce_fsm:btn_controller|btn_num[31] ; 3       ;
; debounce_fsm:btn_controller|btn_num[0]  ; 1       ;
; debounce_fsm:btn_controller|delay[13]   ; 2       ;
; debounce_fsm:btn_controller|delay[0]    ; 2       ;
; debounce_fsm:btn_controller|delay[1]    ; 2       ;
; debounce_fsm:btn_controller|delay[2]    ; 2       ;
; debounce_fsm:btn_controller|delay[3]    ; 2       ;
; debounce_fsm:btn_controller|delay[8]    ; 2       ;
; debounce_fsm:btn_controller|delay[9]    ; 2       ;
; debounce_fsm:btn_controller|delay[10]   ; 2       ;
; debounce_fsm:btn_controller|and_buttons ; 4       ;
; Total number of inverted registers = 19 ;         ;
+-----------------------------------------+---------+


+------------------------------------------------------------------------------------------------------------------------------------------------------------------+
; Multiplexer Restructuring Statistics (Restructuring Performed)                                                                                                   ;
+--------------------+-----------+---------------+----------------------+------------------------+------------+----------------------------------------------------+
; Multiplexer Inputs ; Bus Width ; Baseline Area ; Area if Restructured ; Saving if Restructured ; Registered ; Example Multiplexer Output                         ;
+--------------------+-----------+---------------+----------------------+------------------------+------------+----------------------------------------------------+
; 3:1                ; 5 bits    ; 10 LEs        ; 5 LEs                ; 5 LEs                  ; Yes        ; |top|spi_FSM:spi_fsm|spi_core:spi|MISO_counter[2]  ;
; 3:1                ; 5 bits    ; 10 LEs        ; 5 LEs                ; 5 LEs                  ; Yes        ; |top|spi_FSM:spi_fsm|spi_core:spi|MOSI_counter[1]  ;
; 3:1                ; 23 bits   ; 46 LEs        ; 23 LEs               ; 23 LEs                 ; Yes        ; |top|debounce_fsm:btn_controller|delay[21]         ;
; 3:1                ; 7 bits    ; 14 LEs        ; 7 LEs                ; 7 LEs                  ; Yes        ; |top|spi_FSM:spi_fsm|spi_core:spi|data_to_sent[14] ;
; 3:1                ; 7 bits    ; 14 LEs        ; 7 LEs                ; 7 LEs                  ; Yes        ; |top|spi_FSM:spi_fsm|spi_core:spi|data_to_sent[13] ;
; 4:1                ; 2 bits    ; 4 LEs         ; 2 LEs                ; 2 LEs                  ; Yes        ; |top|lcd_controller:lcd_controller|rw              ;
; 7:1                ; 32 bits   ; 128 LEs       ; 0 LEs                ; 128 LEs                ; Yes        ; |top|lcd_controller:lcd_controller|clk_count[27]   ;
; 4:1                ; 19 bits   ; 38 LEs        ; 0 LEs                ; 38 LEs                 ; Yes        ; |top|fsm:main_fsm|delay[27]                        ;
; 5:1                ; 4 bits    ; 12 LEs        ; 8 LEs                ; 4 LEs                  ; Yes        ; |top|fsm:main_fsm|delay[15]                        ;
; 13:1               ; 4 bits    ; 32 LEs        ; 24 LEs               ; 8 LEs                  ; Yes        ; |top|lcd_controller:lcd_controller|lcd_data[2]     ;
; 14:1               ; 2 bits    ; 18 LEs        ; 14 LEs               ; 4 LEs                  ; Yes        ; |top|lcd_controller:lcd_controller|lcd_data[0]     ;
; 3:1                ; 8 bits    ; 16 LEs        ; 8 LEs                ; 8 LEs                  ; Yes        ; |top|debounce_fsm:btn_controller|delay[0]          ;
; 5:1                ; 2 bits    ; 6 LEs         ; 4 LEs                ; 2 LEs                  ; Yes        ; |top|debounce_fsm:btn_controller|btn_num[31]       ;
; 4:1                ; 4 bits    ; 8 LEs         ; 4 LEs                ; 4 LEs                  ; Yes        ; |top|fsm:main_fsm|delay[8]                         ;
; 5:1                ; 4 bits    ; 12 LEs        ; 8 LEs                ; 4 LEs                  ; Yes        ; |top|fsm:main_fsm|delay[9]                         ;
; 5:1                ; 17 bits   ; 51 LEs        ; 34 LEs               ; 17 LEs                 ; No         ; |top|fsm:main_fsm|Selector52                       ;
; 6:1                ; 3 bits    ; 12 LEs        ; 6 LEs                ; 6 LEs                  ; No         ; |top|spi_FSM:spi_fsm|Selector2                     ;
; 7:1                ; 2 bits    ; 8 LEs         ; 4 LEs                ; 4 LEs                  ; No         ; |top|spi_FSM:spi_fsm|Selector7                     ;
+--------------------+-----------+---------------+----------------------+------------------------+------------+----------------------------------------------------+


+--------------------------------------------------------------------------+
; Parameter Settings for User Entity Instance: debounce_fsm:btn_controller ;
+------------------+----------------+--------------------------------------+
; Parameter Name   ; Value          ; Type                                 ;
+------------------+----------------+--------------------------------------+
; fsm_clock_period ; 10000000000 fs ; Physical                             ;
+------------------+----------------+--------------------------------------+
Note: In order to hide this table in the UI and the text report file, please set the "Show Parameter Settings in Synthesis Report" option in "Analysis and Synthesis Settings -> More Settings" to "Off".


+----------------------------------------------------------------------------+
; Parameter Settings for User Entity Instance: lcd_controller:lcd_controller ;
+----------------+-------+---------------------------------------------------+
; Parameter Name ; Value ; Type                                              ;
+----------------+-------+---------------------------------------------------+
; clk_freq       ; 50    ; Signed Integer                                    ;
; display_lines  ; '1'   ; Enumerated                                        ;
; character_font ; '0'   ; Enumerated                                        ;
; display_on_off ; '1'   ; Enumerated                                        ;
; cursor         ; '0'   ; Enumerated                                        ;
; blink          ; '0'   ; Enumerated                                        ;
; inc_dec        ; '1'   ; Enumerated                                        ;
; shift          ; '0'   ; Enumerated                                        ;
+----------------+-------+---------------------------------------------------+
Note: In order to hide this table in the UI and the text report file, please set the "Show Parameter Settings in Synthesis Report" option in "Analysis and Synthesis Settings -> More Settings" to "Off".


+--------------------------------------------------------------+
; Parameter Settings for User Entity Instance: spi_FSM:spi_fsm ;
+----------------+------------------+--------------------------+
; Parameter Name ; Value            ; Type                     ;
+----------------+------------------+--------------------------+
; data_w         ; 16               ; Signed Integer           ;
; margin         ; 4                ; Signed Integer           ;
; start_path     ; 1010101010101010 ; Unsigned Binary          ;
+----------------+------------------+--------------------------+
Note: In order to hide this table in the UI and the text report file, please set the "Show Parameter Settings in Synthesis Report" option in "Analysis and Synthesis Settings -> More Settings" to "Off".


+---------------------------------------------------------------------------+
; Parameter Settings for User Entity Instance: spi_FSM:spi_fsm|spi_core:spi ;
+----------------+-------+--------------------------------------------------+
; Parameter Name ; Value ; Type                                             ;
+----------------+-------+--------------------------------------------------+
; data_w         ; 16    ; Signed Integer                                   ;
; sync_bit       ; 8     ; Signed Integer                                   ;
+----------------+-------+--------------------------------------------------+
Note: In order to hide this table in the UI and the text report file, please set the "Show Parameter Settings in Synthesis Report" option in "Analysis and Synthesis Settings -> More Settings" to "Off".


+----------------------------------------------------------------------+
; Parameter Settings for User Entity Instance: clock_generator:tim_1Hz ;
+-----------------+----------+-----------------------------------------+
; Parameter Name  ; Value    ; Type                                    ;
+-----------------+----------+-----------------------------------------+
; clock_in_speed  ; 50000000 ; Signed Integer                          ;
; clock_out_speed ; 1        ; Signed Integer                          ;
+-----------------+----------+-----------------------------------------+
Note: In order to hide this table in the UI and the text report file, please set the "Show Parameter Settings in Synthesis Report" option in "Analysis and Synthesis Settings -> More Settings" to "Off".


+-------------------------------------------------------------------------+
; Parameter Settings for User Entity Instance: clock_generator:tim_100kHz ;
+-----------------+----------+--------------------------------------------+
; Parameter Name  ; Value    ; Type                                       ;
+-----------------+----------+--------------------------------------------+
; clock_in_speed  ; 50000000 ; Signed Integer                             ;
; clock_out_speed ; 100000   ; Signed Integer                             ;
+-----------------+----------+--------------------------------------------+
Note: In order to hide this table in the UI and the text report file, please set the "Show Parameter Settings in Synthesis Report" option in "Analysis and Synthesis Settings -> More Settings" to "Off".


+----------------------------------------------------------+
; Port Connectivity Checks: "spi_FSM:spi_fsm|spi_core:spi" ;
+-------------+-------+----------+-------------------------+
; Port        ; Type  ; Severity ; Details                 ;
+-------------+-------+----------+-------------------------+
; data_in[14] ; Input ; Info     ; Stuck at GND            ;
; data_in[12] ; Input ; Info     ; Stuck at GND            ;
; data_in[10] ; Input ; Info     ; Stuck at GND            ;
; data_in[8]  ; Input ; Info     ; Stuck at GND            ;
; data_in[6]  ; Input ; Info     ; Stuck at GND            ;
; data_in[4]  ; Input ; Info     ; Stuck at GND            ;
; data_in[2]  ; Input ; Info     ; Stuck at GND            ;
; data_in[0]  ; Input ; Info     ; Stuck at GND            ;
+-------------+-------+----------+-------------------------+


+-------------------------------------------------------------------------------------------------------------------+
; Port Connectivity Checks: "lcd_controller:lcd_controller"                                                         ;
+---------+--------+----------+-------------------------------------------------------------------------------------+
; Port    ; Type   ; Severity ; Details                                                                             ;
+---------+--------+----------+-------------------------------------------------------------------------------------+
; reset_n ; Input  ; Info     ; Stuck at VCC                                                                        ;
; busy    ; Output ; Info     ; Connected to dangling logic. Logic that only feeds a dangling port will be removed. ;
+---------+--------+----------+-------------------------------------------------------------------------------------+


+---------------------------------------------------------+
; Port Connectivity Checks: "debounce_fsm:btn_controller" ;
+----------+-------+----------+---------------------------+
; Port     ; Type  ; Severity ; Details                   ;
+----------+-------+----------+---------------------------+
; reset    ; Input ; Info     ; Stuck at GND              ;
; btn_4    ; Input ; Info     ; Stuck at VCC              ;
; btn_5    ; Input ; Info     ; Stuck at VCC              ;
; btn_6    ; Input ; Info     ; Stuck at VCC              ;
; btn_7    ; Input ; Info     ; Stuck at VCC              ;
; btn_8    ; Input ; Info     ; Stuck at VCC              ;
; btn_9    ; Input ; Info     ; Stuck at VCC              ;
; btn_up   ; Input ; Info     ; Stuck at VCC              ;
; btn_down ; Input ; Info     ; Stuck at VCC              ;
; btn_r    ; Input ; Info     ; Stuck at VCC              ;
; btn_l    ; Input ; Info     ; Stuck at VCC              ;
+----------+-------+----------+---------------------------+


+------------------------------------------+
; Port Connectivity Checks: "fsm:main_fsm" ;
+-------+-------+----------+---------------+
; Port  ; Type  ; Severity ; Details       ;
+-------+-------+----------+---------------+
; reset ; Input ; Info     ; Stuck at GND  ;
+-------+-------+----------+---------------+


+-----------------------------------------------------+
; Post-Synthesis Netlist Statistics for Top Partition ;
+-----------------------+-----------------------------+
; Type                  ; Count                       ;
+-----------------------+-----------------------------+
; arriav_ff             ; 158                         ;
;     ENA               ; 40                          ;
;     ENA SCLR          ; 19                          ;
;     SCLR              ; 67                          ;
;     plain             ; 32                          ;
; arriav_io_obuf        ; 3                           ;
; arriav_lcell_comb     ; 328                         ;
;     arith             ; 129                         ;
;         1 data inputs ; 129                         ;
;     extend            ; 1                           ;
;         7 data inputs ; 1                           ;
;     normal            ; 198                         ;
;         0 data inputs ; 1                           ;
;         1 data inputs ; 1                           ;
;         2 data inputs ; 48                          ;
;         3 data inputs ; 9                           ;
;         4 data inputs ; 22                          ;
;         5 data inputs ; 41                          ;
;         6 data inputs ; 76                          ;
; boundary_port         ; 27                          ;
;                       ;                             ;
; Max LUT depth         ; 7.90                        ;
; Average LUT depth     ; 4.34                        ;
+-----------------------+-----------------------------+


+-------------------------------+
; Elapsed Time Per Partition    ;
+----------------+--------------+
; Partition Name ; Elapsed Time ;
+----------------+--------------+
; Top            ; 00:00:01     ;
+----------------+--------------+


+-------------------------------+
; Analysis & Synthesis Messages ;
+-------------------------------+
Info: *******************************************************************
Info: Running Quartus Prime Analysis & Synthesis
    Info: Version 20.1.1 Build 720 11/11/2020 SJ Lite Edition
    Info: Processing started: Mon Jan 27 14:32:39 2025
Info: Command: quartus_map --read_settings_files=on --write_settings_files=off top -c top
Warning (18236): Number of processors has not been specified which may cause overloading on shared machines.  Set the global assignment NUM_PARALLEL_PROCESSORS in your QSF to an appropriate value for best performance.
Info (20030): Parallel compilation is enabled and will use 2 of the 2 processors detected
Info (12021): Found 2 design units, including 1 entities, in source file spi_fsm.vhd
    Info (12022): Found design unit 1: spi_FSM-rtl File: C:/Users/stefa/OneDrive/Desktop/FPGA_project_Molari_Kretinin/spi_FSM.vhd Line: 34
    Info (12023): Found entity 1: spi_FSM File: C:/Users/stefa/OneDrive/Desktop/FPGA_project_Molari_Kretinin/spi_FSM.vhd Line: 16
Info (12021): Found 2 design units, including 1 entities, in source file spi_core.vhd
    Info (12022): Found design unit 1: spi_core-rtl File: C:/Users/stefa/OneDrive/Desktop/FPGA_project_Molari_Kretinin/spi_core.vhd Line: 36
    Info (12023): Found entity 1: spi_core File: C:/Users/stefa/OneDrive/Desktop/FPGA_project_Molari_Kretinin/spi_core.vhd Line: 16
Info (12021): Found 2 design units, including 1 entities, in source file debounce_fsm.vhd
    Info (12022): Found design unit 1: debounce_fsm-controller File: C:/Users/stefa/OneDrive/Desktop/FPGA_project_Molari_Kretinin/debounce_fsm.vhd Line: 31
    Info (12023): Found entity 1: debounce_fsm File: C:/Users/stefa/OneDrive/Desktop/FPGA_project_Molari_Kretinin/debounce_fsm.vhd Line: 4
Info (12021): Found 2 design units, including 1 entities, in source file fsm.vhd
    Info (12022): Found design unit 1: fsm-controller File: C:/Users/stefa/OneDrive/Desktop/FPGA_project_Molari_Kretinin/fsm.vhd Line: 17
    Info (12023): Found entity 1: fsm File: C:/Users/stefa/OneDrive/Desktop/FPGA_project_Molari_Kretinin/fsm.vhd Line: 4
Info (12021): Found 2 design units, including 1 entities, in source file clock_generator.vhd
    Info (12022): Found design unit 1: clock_generator-rtl File: C:/Users/stefa/OneDrive/Desktop/FPGA_project_Molari_Kretinin/clock_generator.vhd Line: 16
    Info (12023): Found entity 1: clock_generator File: C:/Users/stefa/OneDrive/Desktop/FPGA_project_Molari_Kretinin/clock_generator.vhd Line: 9
Info (12021): Found 2 design units, including 1 entities, in source file lcd_controller.vhd
    Info (12022): Found design unit 1: lcd_controller-controller File: C:/Users/stefa/OneDrive/Desktop/FPGA_project_Molari_Kretinin/lcd_controller.vhd Line: 49
    Info (12023): Found entity 1: lcd_controller File: C:/Users/stefa/OneDrive/Desktop/FPGA_project_Molari_Kretinin/lcd_controller.vhd Line: 29
Info (12021): Found 2 design units, including 1 entities, in source file top.vhd
    Info (12022): Found design unit 1: top-logicfunction File: C:/Users/stefa/OneDrive/Desktop/FPGA_project_Molari_Kretinin/top.vhd Line: 52
    Info (12023): Found entity 1: top File: C:/Users/stefa/OneDrive/Desktop/FPGA_project_Molari_Kretinin/top.vhd Line: 12
Warning (12019): Can't analyze file -- file output_files/debounce_fsm.vhd is missing
Info (12127): Elaborating entity "top" for the top level hierarchy
Warning (10036): Verilog HDL or VHDL warning at top.vhd(82): object "w_lcd_busy" assigned a value but never read File: C:/Users/stefa/OneDrive/Desktop/FPGA_project_Molari_Kretinin/top.vhd Line: 82
Warning (10541): VHDL Signal Declaration warning at top.vhd(89): used implicit default value for signal "w_led1" because signal was never assigned a value or an explicit default value. Use of implicit default value may introduce unintended design optimizations. File: C:/Users/stefa/OneDrive/Desktop/FPGA_project_Molari_Kretinin/top.vhd Line: 89
Warning (10541): VHDL Signal Declaration warning at top.vhd(90): used implicit default value for signal "w_led2" because signal was never assigned a value or an explicit default value. Use of implicit default value may introduce unintended design optimizations. File: C:/Users/stefa/OneDrive/Desktop/FPGA_project_Molari_Kretinin/top.vhd Line: 90
Warning (10036): Verilog HDL or VHDL warning at top.vhd(93): object "w_sw0" assigned a value but never read File: C:/Users/stefa/OneDrive/Desktop/FPGA_project_Molari_Kretinin/top.vhd Line: 93
Warning (10540): VHDL Signal Declaration warning at top.vhd(111): used explicit default value for signal "w_btn4" because signal was never assigned a value File: C:/Users/stefa/OneDrive/Desktop/FPGA_project_Molari_Kretinin/top.vhd Line: 111
Warning (10540): VHDL Signal Declaration warning at top.vhd(112): used explicit default value for signal "w_btn5" because signal was never assigned a value File: C:/Users/stefa/OneDrive/Desktop/FPGA_project_Molari_Kretinin/top.vhd Line: 112
Warning (10540): VHDL Signal Declaration warning at top.vhd(113): used explicit default value for signal "w_btn6" because signal was never assigned a value File: C:/Users/stefa/OneDrive/Desktop/FPGA_project_Molari_Kretinin/top.vhd Line: 113
Warning (10540): VHDL Signal Declaration warning at top.vhd(114): used explicit default value for signal "w_btn7" because signal was never assigned a value File: C:/Users/stefa/OneDrive/Desktop/FPGA_project_Molari_Kretinin/top.vhd Line: 114
Warning (10540): VHDL Signal Declaration warning at top.vhd(115): used explicit default value for signal "w_btn8" because signal was never assigned a value File: C:/Users/stefa/OneDrive/Desktop/FPGA_project_Molari_Kretinin/top.vhd Line: 115
Warning (10540): VHDL Signal Declaration warning at top.vhd(116): used explicit default value for signal "w_btn9" because signal was never assigned a value File: C:/Users/stefa/OneDrive/Desktop/FPGA_project_Molari_Kretinin/top.vhd Line: 116
Warning (10540): VHDL Signal Declaration warning at top.vhd(119): used explicit default value for signal "w_btn_up" because signal was never assigned a value File: C:/Users/stefa/OneDrive/Desktop/FPGA_project_Molari_Kretinin/top.vhd Line: 119
Warning (10540): VHDL Signal Declaration warning at top.vhd(120): used explicit default value for signal "w_btn_down" because signal was never assigned a value File: C:/Users/stefa/OneDrive/Desktop/FPGA_project_Molari_Kretinin/top.vhd Line: 120
Warning (10540): VHDL Signal Declaration warning at top.vhd(121): used explicit default value for signal "w_btn_r" because signal was never assigned a value File: C:/Users/stefa/OneDrive/Desktop/FPGA_project_Molari_Kretinin/top.vhd Line: 121
Warning (10540): VHDL Signal Declaration warning at top.vhd(122): used explicit default value for signal "w_btn_l" because signal was never assigned a value File: C:/Users/stefa/OneDrive/Desktop/FPGA_project_Molari_Kretinin/top.vhd Line: 122
Info (12128): Elaborating entity "fsm" for hierarchy "fsm:main_fsm" File: C:/Users/stefa/OneDrive/Desktop/FPGA_project_Molari_Kretinin/top.vhd Line: 132
Info (12128): Elaborating entity "debounce_fsm" for hierarchy "debounce_fsm:btn_controller" File: C:/Users/stefa/OneDrive/Desktop/FPGA_project_Molari_Kretinin/top.vhd Line: 143
Info (12128): Elaborating entity "lcd_controller" for hierarchy "lcd_controller:lcd_controller" File: C:/Users/stefa/OneDrive/Desktop/FPGA_project_Molari_Kretinin/top.vhd Line: 166
Info (12128): Elaborating entity "spi_FSM" for hierarchy "spi_FSM:spi_fsm" File: C:/Users/stefa/OneDrive/Desktop/FPGA_project_Molari_Kretinin/top.vhd Line: 179
Warning (10036): Verilog HDL or VHDL warning at spi_FSM.vhd(35): object "start" assigned a value but never read File: C:/Users/stefa/OneDrive/Desktop/FPGA_project_Molari_Kretinin/spi_FSM.vhd Line: 35
Warning (10036): Verilog HDL or VHDL warning at spi_FSM.vhd(40): object "x_in" assigned a value but never read File: C:/Users/stefa/OneDrive/Desktop/FPGA_project_Molari_Kretinin/spi_FSM.vhd Line: 40
Warning (10036): Verilog HDL or VHDL warning at spi_FSM.vhd(41): object "y_in" assigned a value but never read File: C:/Users/stefa/OneDrive/Desktop/FPGA_project_Molari_Kretinin/spi_FSM.vhd Line: 41
Warning (10036): Verilog HDL or VHDL warning at spi_FSM.vhd(42): object "z_in" assigned a value but never read File: C:/Users/stefa/OneDrive/Desktop/FPGA_project_Molari_Kretinin/spi_FSM.vhd Line: 42
Warning (10541): VHDL Signal Declaration warning at spi_FSM.vhd(43): used implicit default value for signal "x_out" because signal was never assigned a value or an explicit default value. Use of implicit default value may introduce unintended design optimizations. File: C:/Users/stefa/OneDrive/Desktop/FPGA_project_Molari_Kretinin/spi_FSM.vhd Line: 43
Warning (10541): VHDL Signal Declaration warning at spi_FSM.vhd(44): used implicit default value for signal "y_out" because signal was never assigned a value or an explicit default value. Use of implicit default value may introduce unintended design optimizations. File: C:/Users/stefa/OneDrive/Desktop/FPGA_project_Molari_Kretinin/spi_FSM.vhd Line: 44
Warning (10541): VHDL Signal Declaration warning at spi_FSM.vhd(45): used implicit default value for signal "z_out" because signal was never assigned a value or an explicit default value. Use of implicit default value may introduce unintended design optimizations. File: C:/Users/stefa/OneDrive/Desktop/FPGA_project_Molari_Kretinin/spi_FSM.vhd Line: 45
Warning (10541): VHDL Signal Declaration warning at spi_FSM.vhd(46): used implicit default value for signal "done" because signal was never assigned a value or an explicit default value. Use of implicit default value may introduce unintended design optimizations. File: C:/Users/stefa/OneDrive/Desktop/FPGA_project_Molari_Kretinin/spi_FSM.vhd Line: 46
Warning (10492): VHDL Process Statement warning at spi_FSM.vhd(102): signal "dataOut" is read inside the Process Statement but isn't in the Process Statement's sensitivity list File: C:/Users/stefa/OneDrive/Desktop/FPGA_project_Molari_Kretinin/spi_FSM.vhd Line: 102
Warning (10492): VHDL Process Statement warning at spi_FSM.vhd(109): signal "dataOut" is read inside the Process Statement but isn't in the Process Statement's sensitivity list File: C:/Users/stefa/OneDrive/Desktop/FPGA_project_Molari_Kretinin/spi_FSM.vhd Line: 109
Warning (10492): VHDL Process Statement warning at spi_FSM.vhd(115): signal "dataOut" is read inside the Process Statement but isn't in the Process Statement's sensitivity list File: C:/Users/stefa/OneDrive/Desktop/FPGA_project_Molari_Kretinin/spi_FSM.vhd Line: 115
Warning (10492): VHDL Process Statement warning at spi_FSM.vhd(122): signal "dataOut" is read inside the Process Statement but isn't in the Process Statement's sensitivity list File: C:/Users/stefa/OneDrive/Desktop/FPGA_project_Molari_Kretinin/spi_FSM.vhd Line: 122
Warning (10492): VHDL Process Statement warning at spi_FSM.vhd(129): signal "dataOut" is read inside the Process Statement but isn't in the Process Statement's sensitivity list File: C:/Users/stefa/OneDrive/Desktop/FPGA_project_Molari_Kretinin/spi_FSM.vhd Line: 129
Warning (10492): VHDL Process Statement warning at spi_FSM.vhd(139): signal "done" is read inside the Process Statement but isn't in the Process Statement's sensitivity list File: C:/Users/stefa/OneDrive/Desktop/FPGA_project_Molari_Kretinin/spi_FSM.vhd Line: 139
Warning (10492): VHDL Process Statement warning at spi_FSM.vhd(151): signal "x_out" is read inside the Process Statement but isn't in the Process Statement's sensitivity list File: C:/Users/stefa/OneDrive/Desktop/FPGA_project_Molari_Kretinin/spi_FSM.vhd Line: 151
Warning (10492): VHDL Process Statement warning at spi_FSM.vhd(157): signal "y_out" is read inside the Process Statement but isn't in the Process Statement's sensitivity list File: C:/Users/stefa/OneDrive/Desktop/FPGA_project_Molari_Kretinin/spi_FSM.vhd Line: 157
Warning (10492): VHDL Process Statement warning at spi_FSM.vhd(163): signal "z_out" is read inside the Process Statement but isn't in the Process Statement's sensitivity list File: C:/Users/stefa/OneDrive/Desktop/FPGA_project_Molari_Kretinin/spi_FSM.vhd Line: 163
Warning (10631): VHDL Process Statement warning at spi_FSM.vhd(88): inferring latch(es) for signal or variable "dataIn", which holds its previous value in one or more paths through the process File: C:/Users/stefa/OneDrive/Desktop/FPGA_project_Molari_Kretinin/spi_FSM.vhd Line: 88
Info (10041): Inferred latch for "dataIn[0]" at spi_FSM.vhd(88) File: C:/Users/stefa/OneDrive/Desktop/FPGA_project_Molari_Kretinin/spi_FSM.vhd Line: 88
Info (10041): Inferred latch for "dataIn[1]" at spi_FSM.vhd(88) File: C:/Users/stefa/OneDrive/Desktop/FPGA_project_Molari_Kretinin/spi_FSM.vhd Line: 88
Info (10041): Inferred latch for "dataIn[2]" at spi_FSM.vhd(88) File: C:/Users/stefa/OneDrive/Desktop/FPGA_project_Molari_Kretinin/spi_FSM.vhd Line: 88
Info (10041): Inferred latch for "dataIn[3]" at spi_FSM.vhd(88) File: C:/Users/stefa/OneDrive/Desktop/FPGA_project_Molari_Kretinin/spi_FSM.vhd Line: 88
Info (10041): Inferred latch for "dataIn[4]" at spi_FSM.vhd(88) File: C:/Users/stefa/OneDrive/Desktop/FPGA_project_Molari_Kretinin/spi_FSM.vhd Line: 88
Info (10041): Inferred latch for "dataIn[5]" at spi_FSM.vhd(88) File: C:/Users/stefa/OneDrive/Desktop/FPGA_project_Molari_Kretinin/spi_FSM.vhd Line: 88
Info (10041): Inferred latch for "dataIn[6]" at spi_FSM.vhd(88) File: C:/Users/stefa/OneDrive/Desktop/FPGA_project_Molari_Kretinin/spi_FSM.vhd Line: 88
Info (10041): Inferred latch for "dataIn[7]" at spi_FSM.vhd(88) File: C:/Users/stefa/OneDrive/Desktop/FPGA_project_Molari_Kretinin/spi_FSM.vhd Line: 88
Info (10041): Inferred latch for "dataIn[8]" at spi_FSM.vhd(88) File: C:/Users/stefa/OneDrive/Desktop/FPGA_project_Molari_Kretinin/spi_FSM.vhd Line: 88
Info (10041): Inferred latch for "dataIn[9]" at spi_FSM.vhd(88) File: C:/Users/stefa/OneDrive/Desktop/FPGA_project_Molari_Kretinin/spi_FSM.vhd Line: 88
Info (10041): Inferred latch for "dataIn[10]" at spi_FSM.vhd(88) File: C:/Users/stefa/OneDrive/Desktop/FPGA_project_Molari_Kretinin/spi_FSM.vhd Line: 88
Info (10041): Inferred latch for "dataIn[11]" at spi_FSM.vhd(88) File: C:/Users/stefa/OneDrive/Desktop/FPGA_project_Molari_Kretinin/spi_FSM.vhd Line: 88
Info (10041): Inferred latch for "dataIn[12]" at spi_FSM.vhd(88) File: C:/Users/stefa/OneDrive/Desktop/FPGA_project_Molari_Kretinin/spi_FSM.vhd Line: 88
Info (10041): Inferred latch for "dataIn[13]" at spi_FSM.vhd(88) File: C:/Users/stefa/OneDrive/Desktop/FPGA_project_Molari_Kretinin/spi_FSM.vhd Line: 88
Info (10041): Inferred latch for "dataIn[14]" at spi_FSM.vhd(88) File: C:/Users/stefa/OneDrive/Desktop/FPGA_project_Molari_Kretinin/spi_FSM.vhd Line: 88
Info (10041): Inferred latch for "dataIn[15]" at spi_FSM.vhd(88) File: C:/Users/stefa/OneDrive/Desktop/FPGA_project_Molari_Kretinin/spi_FSM.vhd Line: 88
Info (12128): Elaborating entity "spi_core" for hierarchy "spi_FSM:spi_fsm|spi_core:spi" File: C:/Users/stefa/OneDrive/Desktop/FPGA_project_Molari_Kretinin/spi_FSM.vhd Line: 59
Info (12128): Elaborating entity "clock_generator" for hierarchy "clock_generator:tim_1Hz" File: C:/Users/stefa/OneDrive/Desktop/FPGA_project_Molari_Kretinin/top.vhd Line: 190
Info (12128): Elaborating entity "clock_generator" for hierarchy "clock_generator:tim_100kHz" File: C:/Users/stefa/OneDrive/Desktop/FPGA_project_Molari_Kretinin/top.vhd Line: 197
Warning (13039): The following bidirectional pins have no drivers
    Warning (13040): bidirectional pin "PIN_AA26" has no driver File: C:/Users/stefa/OneDrive/Desktop/FPGA_project_Molari_Kretinin/top.vhd Line: 21
    Warning (13040): bidirectional pin "PIN_AB26" has no driver File: C:/Users/stefa/OneDrive/Desktop/FPGA_project_Molari_Kretinin/top.vhd Line: 22
Warning (13032): The following tri-state nodes are fed by constants
    Warning (13033): The pin "PIN_AA11" is fed by GND File: C:/Users/stefa/OneDrive/Desktop/FPGA_project_Molari_Kretinin/top.vhd Line: 20
Warning (13024): Output pins are stuck at VCC or GND
    Warning (13410): Pin "LED[1]" is stuck at GND File: C:/Users/stefa/OneDrive/Desktop/FPGA_project_Molari_Kretinin/top.vhd Line: 16
    Warning (13410): Pin "LED[2]" is stuck at GND File: C:/Users/stefa/OneDrive/Desktop/FPGA_project_Molari_Kretinin/top.vhd Line: 16
    Warning (13410): Pin "PCB_RW" is stuck at GND File: C:/Users/stefa/OneDrive/Desktop/FPGA_project_Molari_Kretinin/top.vhd Line: 25
    Warning (13410): Pin "DB[6]" is stuck at GND File: C:/Users/stefa/OneDrive/Desktop/FPGA_project_Molari_Kretinin/top.vhd Line: 28
    Warning (13410): Pin "DB[7]" is stuck at GND File: C:/Users/stefa/OneDrive/Desktop/FPGA_project_Molari_Kretinin/top.vhd Line: 28
Info (286030): Timing-Driven Synthesis is running
Info (17049): 76 registers lost all their fanouts during netlist optimizations.
Info (16010): Generating hard_block partition "hard_block:auto_generated_inst"
    Info (16011): Adding 0 node(s), including 0 DDIO, 0 PLL, 0 transceiver and 0 LCELL
Warning (21074): Design contains 4 input pin(s) that do not drive logic
    Warning (15610): No output dependent on input pin "SW[1]" File: C:/Users/stefa/OneDrive/Desktop/FPGA_project_Molari_Kretinin/top.vhd Line: 15
    Warning (15610): No output dependent on input pin "SW[2]" File: C:/Users/stefa/OneDrive/Desktop/FPGA_project_Molari_Kretinin/top.vhd Line: 15
    Warning (15610): No output dependent on input pin "SW[3]" File: C:/Users/stefa/OneDrive/Desktop/FPGA_project_Molari_Kretinin/top.vhd Line: 15
    Warning (15610): No output dependent on input pin "SW[0]" File: C:/Users/stefa/OneDrive/Desktop/FPGA_project_Molari_Kretinin/top.vhd Line: 15
Info (21057): Implemented 386 device resources after synthesis - the final resource count might be different
    Info (21058): Implemented 9 input pins
    Info (21059): Implemented 15 output pins
    Info (21060): Implemented 3 bidirectional pins
    Info (21061): Implemented 359 logic cells
Info: Quartus Prime Analysis & Synthesis was successful. 0 errors, 50 warnings
    Info: Peak virtual memory: 4852 megabytes
    Info: Processing ended: Mon Jan 27 14:33:20 2025
    Info: Elapsed time: 00:00:41
    Info: Total CPU time (on all processors): 00:00:40


