Analysis & Synthesis report for top_spifir
Thu Jan 30 17:25:41 2025
Quartus Prime Version 20.1.1 Build 720 11/11/2020 SJ Lite Edition


---------------------
; Table of Contents ;
---------------------
  1. Legal Notice
  2. Analysis & Synthesis Summary
  3. Analysis & Synthesis Settings
  4. Parallel Compilation
  5. Analysis & Synthesis Source Files Read
  6. Analysis & Synthesis Resource Usage Summary
  7. Analysis & Synthesis Resource Utilization by Entity
  8. Registers Removed During Synthesis
  9. General Register Statistics
 10. Multiplexer Restructuring Statistics (Restructuring Performed)
 11. Source assignments for basic_spi:spi0|fir:spi_fir
 12. Parameter Settings for User Entity Instance: basic_spi:spi0
 13. Parameter Settings for User Entity Instance: basic_spi:spi0|fir:spi_fir
 14. Parameter Settings for User Entity Instance: basic_spi:spi0|spi:spi
 15. Port Connectivity Checks: "basic_spi:spi0|spi:spi"
 16. Post-Synthesis Netlist Statistics for Top Partition
 17. Elapsed Time Per Partition
 18. Analysis & Synthesis Messages



----------------
; Legal Notice ;
----------------
Copyright (C) 2020  Intel Corporation. All rights reserved.
Your use of Intel Corporation's design tools, logic functions 
and other software and tools, and any partner logic 
functions, and any output files from any of the foregoing 
(including device programming or simulation files), and any 
associated documentation or information are expressly subject 
to the terms and conditions of the Intel Program License 
Subscription Agreement, the Intel Quartus Prime License Agreement,
the Intel FPGA IP License Agreement, or other applicable license
agreement, including, without limitation, that your use is for
the sole purpose of programming logic devices manufactured by
Intel and sold by Intel or its authorized distributors.  Please
refer to the applicable agreement for further details, at
https://fpgasoftware.intel.com/eula.



+-------------------------------------------------------------------------------+
; Analysis & Synthesis Summary                                                  ;
+---------------------------------+---------------------------------------------+
; Analysis & Synthesis Status     ; Successful - Thu Jan 30 17:25:41 2025       ;
; Quartus Prime Version           ; 20.1.1 Build 720 11/11/2020 SJ Lite Edition ;
; Revision Name                   ; top_spifir                                  ;
; Top-level Entity Name           ; top_spifir                                  ;
; Family                          ; Cyclone V                                   ;
; Logic utilization (in ALMs)     ; N/A                                         ;
; Total registers                 ; 108                                         ;
; Total pins                      ; 26                                          ;
; Total virtual pins              ; 0                                           ;
; Total block memory bits         ; 0                                           ;
; Total DSP Blocks                ; 0                                           ;
; Total HSSI RX PCSs              ; 0                                           ;
; Total HSSI PMA RX Deserializers ; 0                                           ;
; Total HSSI TX PCSs              ; 0                                           ;
; Total HSSI PMA TX Serializers   ; 0                                           ;
; Total PLLs                      ; 0                                           ;
; Total DLLs                      ; 0                                           ;
+---------------------------------+---------------------------------------------+


+---------------------------------------------------------------------------------------------------------------------------+
; Analysis & Synthesis Settings                                                                                             ;
+---------------------------------------------------------------------------------+--------------------+--------------------+
; Option                                                                          ; Setting            ; Default Value      ;
+---------------------------------------------------------------------------------+--------------------+--------------------+
; Device                                                                          ; 5CSEBA6U23I7S      ;                    ;
; Top-level entity name                                                           ; top_spifir         ; top_spifir         ;
; Family name                                                                     ; Cyclone V          ; Cyclone V          ;
; Use smart compilation                                                           ; Off                ; Off                ;
; Enable parallel Assembler and Timing Analyzer during compilation                ; On                 ; On                 ;
; Enable compact report table                                                     ; Off                ; Off                ;
; Restructure Multiplexers                                                        ; Auto               ; Auto               ;
; MLAB Add Timing Constraints For Mixed-Port Feed-Through Mode Setting Don't Care ; Off                ; Off                ;
; Create Debugging Nodes for IP Cores                                             ; Off                ; Off                ;
; Preserve fewer node names                                                       ; On                 ; On                 ;
; Intel FPGA IP Evaluation Mode                                                   ; Enable             ; Enable             ;
; Verilog Version                                                                 ; Verilog_2001       ; Verilog_2001       ;
; VHDL Version                                                                    ; VHDL_1993          ; VHDL_1993          ;
; State Machine Processing                                                        ; Auto               ; Auto               ;
; Safe State Machine                                                              ; Off                ; Off                ;
; Extract Verilog State Machines                                                  ; On                 ; On                 ;
; Extract VHDL State Machines                                                     ; On                 ; On                 ;
; Ignore Verilog initial constructs                                               ; Off                ; Off                ;
; Iteration limit for constant Verilog loops                                      ; 5000               ; 5000               ;
; Iteration limit for non-constant Verilog loops                                  ; 250                ; 250                ;
; Add Pass-Through Logic to Inferred RAMs                                         ; On                 ; On                 ;
; Infer RAMs from Raw Logic                                                       ; On                 ; On                 ;
; Parallel Synthesis                                                              ; On                 ; On                 ;
; DSP Block Balancing                                                             ; Auto               ; Auto               ;
; NOT Gate Push-Back                                                              ; On                 ; On                 ;
; Power-Up Don't Care                                                             ; On                 ; On                 ;
; Remove Redundant Logic Cells                                                    ; Off                ; Off                ;
; Remove Duplicate Registers                                                      ; On                 ; On                 ;
; Ignore CARRY Buffers                                                            ; Off                ; Off                ;
; Ignore CASCADE Buffers                                                          ; Off                ; Off                ;
; Ignore GLOBAL Buffers                                                           ; Off                ; Off                ;
; Ignore ROW GLOBAL Buffers                                                       ; Off                ; Off                ;
; Ignore LCELL Buffers                                                            ; Off                ; Off                ;
; Ignore SOFT Buffers                                                             ; On                 ; On                 ;
; Limit AHDL Integers to 32 Bits                                                  ; Off                ; Off                ;
; Optimization Technique                                                          ; Balanced           ; Balanced           ;
; Carry Chain Length                                                              ; 70                 ; 70                 ;
; Auto Carry Chains                                                               ; On                 ; On                 ;
; Auto Open-Drain Pins                                                            ; On                 ; On                 ;
; Perform WYSIWYG Primitive Resynthesis                                           ; Off                ; Off                ;
; Auto ROM Replacement                                                            ; On                 ; On                 ;
; Auto RAM Replacement                                                            ; On                 ; On                 ;
; Auto DSP Block Replacement                                                      ; On                 ; On                 ;
; Auto Shift Register Replacement                                                 ; Auto               ; Auto               ;
; Allow Shift Register Merging across Hierarchies                                 ; Auto               ; Auto               ;
; Auto Clock Enable Replacement                                                   ; On                 ; On                 ;
; Strict RAM Replacement                                                          ; Off                ; Off                ;
; Allow Synchronous Control Signals                                               ; On                 ; On                 ;
; Force Use of Synchronous Clear Signals                                          ; Off                ; Off                ;
; Auto Resource Sharing                                                           ; Off                ; Off                ;
; Allow Any RAM Size For Recognition                                              ; Off                ; Off                ;
; Allow Any ROM Size For Recognition                                              ; Off                ; Off                ;
; Allow Any Shift Register Size For Recognition                                   ; Off                ; Off                ;
; Use LogicLock Constraints during Resource Balancing                             ; On                 ; On                 ;
; Ignore translate_off and synthesis_off directives                               ; Off                ; Off                ;
; Timing-Driven Synthesis                                                         ; On                 ; On                 ;
; Report Parameter Settings                                                       ; On                 ; On                 ;
; Report Source Assignments                                                       ; On                 ; On                 ;
; Report Connectivity Checks                                                      ; On                 ; On                 ;
; Ignore Maximum Fan-Out Assignments                                              ; Off                ; Off                ;
; Synchronization Register Chain Length                                           ; 3                  ; 3                  ;
; Power Optimization During Synthesis                                             ; Normal compilation ; Normal compilation ;
; HDL message level                                                               ; Level2             ; Level2             ;
; Suppress Register Optimization Related Messages                                 ; Off                ; Off                ;
; Number of Removed Registers Reported in Synthesis Report                        ; 5000               ; 5000               ;
; Number of Swept Nodes Reported in Synthesis Report                              ; 5000               ; 5000               ;
; Number of Inverted Registers Reported in Synthesis Report                       ; 100                ; 100                ;
; Clock MUX Protection                                                            ; On                 ; On                 ;
; Auto Gated Clock Conversion                                                     ; Off                ; Off                ;
; Block Design Naming                                                             ; Auto               ; Auto               ;
; SDC constraint protection                                                       ; Off                ; Off                ;
; Synthesis Effort                                                                ; Auto               ; Auto               ;
; Shift Register Replacement - Allow Asynchronous Clear Signal                    ; On                 ; On                 ;
; Pre-Mapping Resynthesis Optimization                                            ; Off                ; Off                ;
; Analysis & Synthesis Message Level                                              ; Medium             ; Medium             ;
; Disable Register Merging Across Hierarchies                                     ; Auto               ; Auto               ;
; Resource Aware Inference For Block RAM                                          ; On                 ; On                 ;
; Automatic Parallel Synthesis                                                    ; On                 ; On                 ;
; Partial Reconfiguration Bitstream ID                                            ; Off                ; Off                ;
+---------------------------------------------------------------------------------+--------------------+--------------------+


+------------------------------------------+
; Parallel Compilation                     ;
+----------------------------+-------------+
; Processors                 ; Number      ;
+----------------------------+-------------+
; Number detected on machine ; 32          ;
; Maximum allowed            ; 16          ;
;                            ;             ;
; Average used               ; 1.00        ;
; Maximum used               ; 16          ;
;                            ;             ;
; Usage by Processor         ; % Time Used ;
;     Processor 1            ; 100.0%      ;
;     Processors 2-16        ;   0.0%      ;
+----------------------------+-------------+


+-------------------------------------------------------------------------------------------------------------------------------------------------------+
; Analysis & Synthesis Source Files Read                                                                                                                ;
+----------------------------------+-----------------+-----------------+----------------------------------------------------------------------+---------+
; File Name with User-Entered Path ; Used in Netlist ; File Type       ; File Name with Absolute Path                                         ; Library ;
+----------------------------------+-----------------+-----------------+----------------------------------------------------------------------+---------+
; top_spifir.vhd                   ; yes             ; User VHDL File  ; C:/Users/stefa/Desktop/_QUARTUS PROJECTS/SPI_STE/top_spifir.vhd      ;         ;
; spi.vhd                          ; yes             ; User VHDL File  ; C:/Users/stefa/Desktop/_QUARTUS PROJECTS/SPI_STE/spi.vhd             ;         ;
; fir.vhd                          ; yes             ; User VHDL File  ; C:/Users/stefa/Desktop/_QUARTUS PROJECTS/SPI_STE/fir.vhd             ;         ;
; coeffs_package.vhd               ; yes             ; User VHDL File  ; C:/Users/stefa/Desktop/_QUARTUS PROJECTS/SPI_STE/coeffs_package.vhd  ;         ;
; blink_heartbeat.vhd              ; yes             ; User VHDL File  ; C:/Users/stefa/Desktop/_QUARTUS PROJECTS/SPI_STE/blink_heartbeat.vhd ;         ;
; basic_spi.vhd                    ; yes             ; User VHDL File  ; C:/Users/stefa/Desktop/_QUARTUS PROJECTS/SPI_STE/basic_spi.vhd       ;         ;
+----------------------------------+-----------------+-----------------+----------------------------------------------------------------------+---------+


+------------------------------------------------------------------+
; Analysis & Synthesis Resource Usage Summary                      ;
+---------------------------------------------+--------------------+
; Resource                                    ; Usage              ;
+---------------------------------------------+--------------------+
; Estimate of Logic utilization (ALMs needed) ; 58                 ;
;                                             ;                    ;
; Combinational ALUT usage for logic          ; 76                 ;
;     -- 7 input functions                    ; 0                  ;
;     -- 6 input functions                    ; 1                  ;
;     -- 5 input functions                    ; 2                  ;
;     -- 4 input functions                    ; 9                  ;
;     -- <=3 input functions                  ; 64                 ;
;                                             ;                    ;
; Dedicated logic registers                   ; 108                ;
;                                             ;                    ;
; I/O pins                                    ; 26                 ;
;                                             ;                    ;
; Total DSP Blocks                            ; 0                  ;
;                                             ;                    ;
; Maximum fan-out node                        ; FPGA_CLK1_50~input ;
; Maximum fan-out                             ; 108                ;
; Total fan-out                               ; 615                ;
; Average fan-out                             ; 2.44               ;
+---------------------------------------------+--------------------+


+----------------------------------------------------------------------------------------------------------------------------------------------------------------------------------------------------------------------------------+
; Analysis & Synthesis Resource Utilization by Entity                                                                                                                                                                              ;
+----------------------------------+---------------------+---------------------------+-------------------+------------+------+--------------+-----------------------------------------------------+-----------------+--------------+
; Compilation Hierarchy Node       ; Combinational ALUTs ; Dedicated Logic Registers ; Block Memory Bits ; DSP Blocks ; Pins ; Virtual Pins ; Full Hierarchy Name                                 ; Entity Name     ; Library Name ;
+----------------------------------+---------------------+---------------------------+-------------------+------------+------+--------------+-----------------------------------------------------+-----------------+--------------+
; |top_spifir                      ; 76 (1)              ; 108 (0)                   ; 0                 ; 0          ; 26   ; 0            ; |top_spifir                                         ; top_spifir      ; work         ;
;    |basic_spi:spi0|              ; 75 (2)              ; 108 (5)                   ; 0                 ; 0          ; 0    ; 0            ; |top_spifir|basic_spi:spi0                          ; basic_spi       ; work         ;
;       |blink_heartbeat:blink_hb| ; 25 (25)             ; 25 (25)                   ; 0                 ; 0          ; 0    ; 0            ; |top_spifir|basic_spi:spi0|blink_heartbeat:blink_hb ; blink_heartbeat ; work         ;
;       |fir:spi_fir|              ; 30 (30)             ; 16 (16)                   ; 0                 ; 0          ; 0    ; 0            ; |top_spifir|basic_spi:spi0|fir:spi_fir              ; fir             ; work         ;
;       |spi:spi|                  ; 18 (18)             ; 62 (62)                   ; 0                 ; 0          ; 0    ; 0            ; |top_spifir|basic_spi:spi0|spi:spi                  ; spi             ; work         ;
+----------------------------------+---------------------+---------------------------+-------------------+------------+------+--------------+-----------------------------------------------------+-----------------+--------------+
Note: For table entries with two numbers listed, the numbers in parentheses indicate the number of resources of the given type used by the specific entity alone. The numbers listed outside of parentheses indicate the total resources of the given type used by the specific entity and all of its sub-entities in the hierarchy.


+------------------------------------------------------------------------------------+
; Registers Removed During Synthesis                                                 ;
+---------------------------------------+--------------------------------------------+
; Register name                         ; Reason for Removal                         ;
+---------------------------------------+--------------------------------------------+
; basic_spi:spi0|spi:spi|wr             ; Merged with basic_spi:spi0|spi:spi|read_me ;
; Total Number of Removed Registers = 1 ;                                            ;
+---------------------------------------+--------------------------------------------+


+------------------------------------------------------+
; General Register Statistics                          ;
+----------------------------------------------+-------+
; Statistic                                    ; Value ;
+----------------------------------------------+-------+
; Total registers                              ; 108   ;
; Number of registers using Synchronous Clear  ; 51    ;
; Number of registers using Synchronous Load   ; 17    ;
; Number of registers using Asynchronous Clear ; 0     ;
; Number of registers using Asynchronous Load  ; 0     ;
; Number of registers using Clock Enable       ; 71    ;
; Number of registers using Preset             ; 0     ;
+----------------------------------------------+-------+


+-------------------------------------------------------------------------------------------------------------------------------------------------------------------+
; Multiplexer Restructuring Statistics (Restructuring Performed)                                                                                                    ;
+--------------------+-----------+---------------+----------------------+------------------------+------------+-----------------------------------------------------+
; Multiplexer Inputs ; Bus Width ; Baseline Area ; Area if Restructured ; Saving if Restructured ; Registered ; Example Multiplexer Output                          ;
+--------------------+-----------+---------------+----------------------+------------------------+------------+-----------------------------------------------------+
; 3:1                ; 16 bits   ; 32 LEs        ; 0 LEs                ; 32 LEs                 ; Yes        ; |top_spifir|basic_spi:spi0|spi:spi|data_out[4]      ;
; 3:1                ; 16 bits   ; 32 LEs        ; 0 LEs                ; 32 LEs                 ; Yes        ; |top_spifir|basic_spi:spi0|spi:spi|spi_readvalue[7] ;
; 4:1                ; 4 bits    ; 8 LEs         ; 8 LEs                ; 0 LEs                  ; Yes        ; |top_spifir|basic_spi:spi0|spi:spi|wrcnt[0]         ;
; 4:1                ; 4 bits    ; 8 LEs         ; 8 LEs                ; 0 LEs                  ; Yes        ; |top_spifir|basic_spi:spi0|spi:spi|rdcnt[2]         ;
; 5:1                ; 15 bits   ; 45 LEs        ; 0 LEs                ; 45 LEs                 ; Yes        ; |top_spifir|basic_spi:spi0|spi:spi|spi_value[15]    ;
+--------------------+-----------+---------------+----------------------+------------------------+------------+-----------------------------------------------------+


+---------------------------------------------------+
; Source assignments for basic_spi:spi0|fir:spi_fir ;
+---------------------+------------+------+---------+
; Assignment          ; Value      ; From ; To      ;
+---------------------+------------+------+---------+
; DSP_BLOCK_BALANCING ; DSP blocks ; -    ; -       ;
+---------------------+------------+------+---------+


+-------------------------------------------------------------+
; Parameter Settings for User Entity Instance: basic_spi:spi0 ;
+----------------+-------+------------------------------------+
; Parameter Name ; Value ; Type                               ;
+----------------+-------+------------------------------------+
; addr_w         ; 3     ; Signed Integer                     ;
; data_w         ; 16    ; Signed Integer                     ;
; nbit           ; 4     ; Signed Integer                     ;
+----------------+-------+------------------------------------+
Note: In order to hide this table in the UI and the text report file, please set the "Show Parameter Settings in Synthesis Report" option in "Analysis and Synthesis Settings -> More Settings" to "Off".


+-------------------------------------------------------------------------+
; Parameter Settings for User Entity Instance: basic_spi:spi0|fir:spi_fir ;
+----------------+-------+------------------------------------------------+
; Parameter Name ; Value ; Type                                           ;
+----------------+-------+------------------------------------------------+
; order          ; 3     ; Signed Integer                                 ;
; data_w         ; 16    ; Signed Integer                                 ;
; guardbits      ; 0     ; Signed Integer                                 ;
+----------------+-------+------------------------------------------------+
Note: In order to hide this table in the UI and the text report file, please set the "Show Parameter Settings in Synthesis Report" option in "Analysis and Synthesis Settings -> More Settings" to "Off".


+---------------------------------------------------------------------+
; Parameter Settings for User Entity Instance: basic_spi:spi0|spi:spi ;
+----------------+-------+--------------------------------------------+
; Parameter Name ; Value ; Type                                       ;
+----------------+-------+--------------------------------------------+
; data_w         ; 16    ; Signed Integer                             ;
; nbit           ; 4     ; Signed Integer                             ;
+----------------+-------+--------------------------------------------+
Note: In order to hide this table in the UI and the text report file, please set the "Show Parameter Settings in Synthesis Report" option in "Analysis and Synthesis Settings -> More Settings" to "Off".


+----------------------------------------------------------------------------------------------------------------+
; Port Connectivity Checks: "basic_spi:spi0|spi:spi"                                                             ;
+------+--------+----------+-------------------------------------------------------------------------------------+
; Port ; Type   ; Severity ; Details                                                                             ;
+------+--------+----------+-------------------------------------------------------------------------------------+
; rd   ; Output ; Info     ; Connected to dangling logic. Logic that only feeds a dangling port will be removed. ;
+------+--------+----------+-------------------------------------------------------------------------------------+


+-----------------------------------------------------+
; Post-Synthesis Netlist Statistics for Top Partition ;
+-----------------------+-----------------------------+
; Type                  ; Count                       ;
+-----------------------+-----------------------------+
; arriav_ff             ; 108                         ;
;     ENA               ; 24                          ;
;     ENA SCLR          ; 32                          ;
;     ENA SCLR SLD      ; 15                          ;
;     SCLR              ; 2                           ;
;     SCLR SLD          ; 2                           ;
;     plain             ; 33                          ;
; arriav_io_obuf        ; 16                          ;
; arriav_lcell_comb     ; 76                          ;
;     arith             ; 24                          ;
;         1 data inputs ; 23                          ;
;         2 data inputs ; 1                           ;
;     normal            ; 22                          ;
;         0 data inputs ; 1                           ;
;         1 data inputs ; 1                           ;
;         2 data inputs ; 4                           ;
;         3 data inputs ; 4                           ;
;         4 data inputs ; 9                           ;
;         5 data inputs ; 2                           ;
;         6 data inputs ; 1                           ;
;     shared            ; 30                          ;
;         0 data inputs ; 1                           ;
;         1 data inputs ; 13                          ;
;         2 data inputs ; 16                          ;
; boundary_port         ; 26                          ;
;                       ;                             ;
; Max LUT depth         ; 3.90                        ;
; Average LUT depth     ; 1.94                        ;
+-----------------------+-----------------------------+


+-------------------------------+
; Elapsed Time Per Partition    ;
+----------------+--------------+
; Partition Name ; Elapsed Time ;
+----------------+--------------+
; Top            ; 00:00:00     ;
+----------------+--------------+


+-------------------------------+
; Analysis & Synthesis Messages ;
+-------------------------------+
Info: *******************************************************************
Info: Running Quartus Prime Analysis & Synthesis
    Info: Version 20.1.1 Build 720 11/11/2020 SJ Lite Edition
    Info: Processing started: Thu Jan 30 17:25:37 2025
Info: Command: quartus_map --read_settings_files=on --write_settings_files=off top_spifir -c top_spifir
Warning (18236): Number of processors has not been specified which may cause overloading on shared machines.  Set the global assignment NUM_PARALLEL_PROCESSORS in your QSF to an appropriate value for best performance.
Info (20030): Parallel compilation is enabled and will use 16 of the 32 processors detected
Info (12021): Found 2 design units, including 1 entities, in source file top_spifir.vhd
    Info (12022): Found design unit 1: top_spifir-top_arch File: C:/Users/stefa/Desktop/_QUARTUS PROJECTS/SPI_STE/top_spifir.vhd Line: 25
    Info (12023): Found entity 1: top_spifir File: C:/Users/stefa/Desktop/_QUARTUS PROJECTS/SPI_STE/top_spifir.vhd Line: 16
Info (12021): Found 2 design units, including 1 entities, in source file spi.vhd
    Info (12022): Found design unit 1: spi-Behavioral File: C:/Users/stefa/Desktop/_QUARTUS PROJECTS/SPI_STE/spi.vhd Line: 37
    Info (12023): Found entity 1: spi File: C:/Users/stefa/Desktop/_QUARTUS PROJECTS/SPI_STE/spi.vhd Line: 21
Info (12021): Found 2 design units, including 1 entities, in source file fir.vhd
    Info (12022): Found design unit 1: fir-rtl File: C:/Users/stefa/Desktop/_QUARTUS PROJECTS/SPI_STE/fir.vhd Line: 39
    Info (12023): Found entity 1: fir File: C:/Users/stefa/Desktop/_QUARTUS PROJECTS/SPI_STE/fir.vhd Line: 21
Info (12021): Found 1 design units, including 0 entities, in source file coeffs_package.vhd
    Info (12022): Found design unit 1: coeffs_package File: C:/Users/stefa/Desktop/_QUARTUS PROJECTS/SPI_STE/coeffs_package.vhd Line: 18
Info (12021): Found 2 design units, including 1 entities, in source file blink_heartbeat.vhd
    Info (12022): Found design unit 1: blink_heartbeat-Behavioral File: C:/Users/stefa/Desktop/_QUARTUS PROJECTS/SPI_STE/blink_heartbeat.vhd Line: 23
    Info (12023): Found entity 1: blink_heartbeat File: C:/Users/stefa/Desktop/_QUARTUS PROJECTS/SPI_STE/blink_heartbeat.vhd Line: 18
Info (12021): Found 2 design units, including 1 entities, in source file basic_spi.vhd
    Info (12022): Found design unit 1: basic_spi-Behavioral File: C:/Users/stefa/Desktop/_QUARTUS PROJECTS/SPI_STE/basic_spi.vhd Line: 38
    Info (12023): Found entity 1: basic_spi File: C:/Users/stefa/Desktop/_QUARTUS PROJECTS/SPI_STE/basic_spi.vhd Line: 23
Info (12127): Elaborating entity "top_spifir" for the top level hierarchy
Warning (10665): Bidirectional port "ARDUINO_IO[13]" at top_spifir.vhd(22) has a one-way connection to bidirectional port "ARDUINO_IO[5]" File: C:/Users/stefa/Desktop/_QUARTUS PROJECTS/SPI_STE/top_spifir.vhd Line: 22
Warning (10665): Bidirectional port "ARDUINO_IO[12]" at top_spifir.vhd(22) has a one-way connection to bidirectional port "ARDUINO_IO[6]" File: C:/Users/stefa/Desktop/_QUARTUS PROJECTS/SPI_STE/top_spifir.vhd Line: 22
Warning (10665): Bidirectional port "ARDUINO_IO[11]" at top_spifir.vhd(22) has a one-way connection to bidirectional port "ARDUINO_IO[7]" File: C:/Users/stefa/Desktop/_QUARTUS PROJECTS/SPI_STE/top_spifir.vhd Line: 22
Info (12128): Elaborating entity "basic_spi" for hierarchy "basic_spi:spi0" File: C:/Users/stefa/Desktop/_QUARTUS PROJECTS/SPI_STE/top_spifir.vhd Line: 28
Info (12128): Elaborating entity "blink_heartbeat" for hierarchy "basic_spi:spi0|blink_heartbeat:blink_hb" File: C:/Users/stefa/Desktop/_QUARTUS PROJECTS/SPI_STE/basic_spi.vhd Line: 48
Info (12128): Elaborating entity "fir" for hierarchy "basic_spi:spi0|fir:spi_fir" File: C:/Users/stefa/Desktop/_QUARTUS PROJECTS/SPI_STE/basic_spi.vhd Line: 50
Info (12128): Elaborating entity "spi" for hierarchy "basic_spi:spi0|spi:spi" File: C:/Users/stefa/Desktop/_QUARTUS PROJECTS/SPI_STE/basic_spi.vhd Line: 67
Warning (13034): The following nodes have both tri-state and non-tri-state drivers
    Warning (13035): Inserted always-enabled tri-state buffer between "ARDUINO_IO[12]" and its non-tri-state driver. File: C:/Users/stefa/Desktop/_QUARTUS PROJECTS/SPI_STE/top_spifir.vhd Line: 22
Warning (13039): The following bidirectional pins have no drivers
    Warning (13040): bidirectional pin "ARDUINO_IO[11]" has no driver File: C:/Users/stefa/Desktop/_QUARTUS PROJECTS/SPI_STE/top_spifir.vhd Line: 22
    Warning (13040): bidirectional pin "ARDUINO_IO[13]" has no driver File: C:/Users/stefa/Desktop/_QUARTUS PROJECTS/SPI_STE/top_spifir.vhd Line: 22
    Warning (13040): bidirectional pin "ARDUINO_IO[0]" has no driver File: C:/Users/stefa/Desktop/_QUARTUS PROJECTS/SPI_STE/top_spifir.vhd Line: 22
    Warning (13040): bidirectional pin "ARDUINO_IO[1]" has no driver File: C:/Users/stefa/Desktop/_QUARTUS PROJECTS/SPI_STE/top_spifir.vhd Line: 22
    Warning (13040): bidirectional pin "ARDUINO_IO[2]" has no driver File: C:/Users/stefa/Desktop/_QUARTUS PROJECTS/SPI_STE/top_spifir.vhd Line: 22
    Warning (13040): bidirectional pin "ARDUINO_IO[3]" has no driver File: C:/Users/stefa/Desktop/_QUARTUS PROJECTS/SPI_STE/top_spifir.vhd Line: 22
    Warning (13040): bidirectional pin "ARDUINO_IO[4]" has no driver File: C:/Users/stefa/Desktop/_QUARTUS PROJECTS/SPI_STE/top_spifir.vhd Line: 22
    Warning (13040): bidirectional pin "ARDUINO_IO[8]" has no driver File: C:/Users/stefa/Desktop/_QUARTUS PROJECTS/SPI_STE/top_spifir.vhd Line: 22
    Warning (13040): bidirectional pin "ARDUINO_IO[9]" has no driver File: C:/Users/stefa/Desktop/_QUARTUS PROJECTS/SPI_STE/top_spifir.vhd Line: 22
    Warning (13040): bidirectional pin "ARDUINO_IO[10]" has no driver File: C:/Users/stefa/Desktop/_QUARTUS PROJECTS/SPI_STE/top_spifir.vhd Line: 22
    Warning (13040): bidirectional pin "ARDUINO_IO[14]" has no driver File: C:/Users/stefa/Desktop/_QUARTUS PROJECTS/SPI_STE/top_spifir.vhd Line: 22
    Warning (13040): bidirectional pin "ARDUINO_IO[15]" has no driver File: C:/Users/stefa/Desktop/_QUARTUS PROJECTS/SPI_STE/top_spifir.vhd Line: 22
Info (13060): One or more bidirectional pins are fed by always enabled tri-state buffers
    Info (13061): Fan-out of permanently enabled tri-state buffer feeding bidirectional pin "ARDUINO_IO[12]" is moved to its source File: C:/Users/stefa/Desktop/_QUARTUS PROJECTS/SPI_STE/top_spifir.vhd Line: 22
Warning (13009): TRI or OPNDRN buffers permanently enabled
    Warning (13010): Node "ARDUINO_IO[5]~synth" File: C:/Users/stefa/Desktop/_QUARTUS PROJECTS/SPI_STE/top_spifir.vhd Line: 22
    Warning (13010): Node "ARDUINO_IO[6]~synth" File: C:/Users/stefa/Desktop/_QUARTUS PROJECTS/SPI_STE/top_spifir.vhd Line: 22
    Warning (13010): Node "ARDUINO_IO[7]~synth" File: C:/Users/stefa/Desktop/_QUARTUS PROJECTS/SPI_STE/top_spifir.vhd Line: 22
    Warning (13010): Node "ARDUINO_IO[12]~synth" File: C:/Users/stefa/Desktop/_QUARTUS PROJECTS/SPI_STE/top_spifir.vhd Line: 22
Info (286030): Timing-Driven Synthesis is running
Info (16010): Generating hard_block partition "hard_block:auto_generated_inst"
    Info (16011): Adding 0 node(s), including 0 DDIO, 0 PLL, 0 transceiver and 0 LCELL
Warning (21074): Design contains 6 input pin(s) that do not drive logic
    Warning (15610): No output dependent on input pin "SW[0]" File: C:/Users/stefa/Desktop/_QUARTUS PROJECTS/SPI_STE/top_spifir.vhd Line: 19
    Warning (15610): No output dependent on input pin "SW[1]" File: C:/Users/stefa/Desktop/_QUARTUS PROJECTS/SPI_STE/top_spifir.vhd Line: 19
    Warning (15610): No output dependent on input pin "SW[2]" File: C:/Users/stefa/Desktop/_QUARTUS PROJECTS/SPI_STE/top_spifir.vhd Line: 19
    Warning (15610): No output dependent on input pin "SW[3]" File: C:/Users/stefa/Desktop/_QUARTUS PROJECTS/SPI_STE/top_spifir.vhd Line: 19
    Warning (15610): No output dependent on input pin "KEY[1]" File: C:/Users/stefa/Desktop/_QUARTUS PROJECTS/SPI_STE/top_spifir.vhd Line: 20
    Warning (15610): No output dependent on input pin "KEY[2]" File: C:/Users/stefa/Desktop/_QUARTUS PROJECTS/SPI_STE/top_spifir.vhd Line: 20
Info (21057): Implemented 156 device resources after synthesis - the final resource count might be different
    Info (21058): Implemented 8 input pins
    Info (21059): Implemented 2 output pins
    Info (21060): Implemented 16 bidirectional pins
    Info (21061): Implemented 130 logic cells
Info: Quartus Prime Analysis & Synthesis was successful. 0 errors, 31 warnings
    Info: Peak virtual memory: 4895 megabytes
    Info: Processing ended: Thu Jan 30 17:25:41 2025
    Info: Elapsed time: 00:00:04
    Info: Total CPU time (on all processors): 00:00:10


