Flow report for blink
Sun Oct 12 11:49:23 2025
Quartus Prime Version 24.1std.0 Build 1077 03/04/2025 SC Lite Edition


---------------------
; Table of Contents ;
---------------------
  1. Legal Notice
  2. Flow Summary
  3. Flow Settings
  4. Flow Non-Default Global Settings
  5. Flow Elapsed Time
  6. Flow OS Summary
  7. Flow Log
  8. Flow Messages
  9. Flow Suppressed Messages



----------------
; Legal Notice ;
----------------
Copyright (C) 2025  Altera Corporation. All rights reserved.
Your use of Altera Corporation's design tools, logic functions 
and other software and tools, and any partner logic 
functions, and any output files from any of the foregoing 
(including device programming or simulation files), and any 
associated documentation or information are expressly subject 
to the terms and conditions of the Altera Program License 
Subscription Agreement, the Altera Quartus Prime License Agreement,
the Altera IP License Agreement, or other applicable license
agreement, including, without limitation, that your use is for
the sole purpose of programming logic devices manufactured by
Altera and sold by Altera or its authorized distributors.  Please
refer to the Altera Software License Subscription Agreements 
on the Quartus Prime software download page.



+-------------------------------------------------------------------------+
; Flow Summary                                                            ;
+-----------------------+-------------------------------------------------+
; Flow Status           ; Successful - Sun Oct 12 11:49:23 2025           ;
; Quartus Prime Version ; 24.1std.0 Build 1077 03/04/2025 SC Lite Edition ;
; Revision Name         ; blink                                           ;
; Top-level Entity Name ; blink                                           ;
; Family                ; MAX II                                          ;
; Device                ; EPM240T100C5                                    ;
; Timing Models         ; Final                                           ;
; Total logic elements  ; 69 / 240 ( 29 % )                               ;
; Total pins            ; 2 / 80 ( 3 % )                                  ;
; Total virtual pins    ; 0                                               ;
; UFM blocks            ; 0 / 1 ( 0 % )                                   ;
+-----------------------+-------------------------------------------------+


+-----------------------------------------+
; Flow Settings                           ;
+-------------------+---------------------+
; Option            ; Setting             ;
+-------------------+---------------------+
; Start date & time ; 10/12/2025 11:49:14 ;
; Main task         ; Compilation         ;
; Revision Name     ; blink               ;
+-------------------+---------------------+


+---------------------------------------------------------------------------------------------------------------------+
; Flow Non-Default Global Settings                                                                                    ;
+---------------------------------------+------------------------------+---------------+-------------+----------------+
; Assignment Name                       ; Value                        ; Default Value ; Entity Name ; Section Id     ;
+---------------------------------------+------------------------------+---------------+-------------+----------------+
; COMPILER_SIGNATURE_ID                 ; 345052807176.176026255409012 ; --            ; --          ; --             ;
; EDA_OUTPUT_DATA_FORMAT                ; Vhdl                         ; --            ; --          ; eda_simulation ;
; EDA_SIMULATION_TOOL                   ; Questa Intel FPGA (VHDL)     ; <None>        ; --          ; --             ;
; MAX_CORE_JUNCTION_TEMP                ; 85                           ; --            ; --          ; --             ;
; MIN_CORE_JUNCTION_TEMP                ; 0                            ; --            ; --          ; --             ;
; POWER_EXT_SUPPLY_VOLTAGE_TO_REGULATOR ; 3.3V                         ; --            ; --          ; --             ;
; PROJECT_OUTPUT_DIRECTORY              ; output_files                 ; --            ; --          ; --             ;
+---------------------------------------+------------------------------+---------------+-------------+----------------+


+--------------------------------------------------------------------------------------------------------------------------+
; Flow Elapsed Time                                                                                                        ;
+----------------------+--------------+-------------------------+---------------------+------------------------------------+
; Module Name          ; Elapsed Time ; Average Processors Used ; Peak Virtual Memory ; Total CPU Time (on all processors) ;
+----------------------+--------------+-------------------------+---------------------+------------------------------------+
; Analysis & Synthesis ; 00:00:04     ; 1.0                     ; 4801 MB             ; 00:00:10                           ;
; Fitter               ; 00:00:00     ; 1.0                     ; 6163 MB             ; 00:00:01                           ;
; Assembler            ; 00:00:00     ; 1.0                     ; 4686 MB             ; 00:00:00                           ;
; Timing Analyzer      ; 00:00:01     ; 1.0                     ; 4698 MB             ; 00:00:00                           ;
; EDA Netlist Writer   ; 00:00:00     ; 1.0                     ; 4642 MB             ; 00:00:00                           ;
; Total                ; 00:00:05     ; --                      ; --                  ; 00:00:11                           ;
+----------------------+--------------+-------------------------+---------------------+------------------------------------+


+------------------------------------------------------------------------------------+
; Flow OS Summary                                                                    ;
+----------------------+------------------+------------+------------+----------------+
; Module Name          ; Machine Hostname ; OS Name    ; OS Version ; Processor type ;
+----------------------+------------------+------------+------------+----------------+
; Analysis & Synthesis ; PC-STE           ; Windows 10 ; 10.0       ; x86_64         ;
; Fitter               ; PC-STE           ; Windows 10 ; 10.0       ; x86_64         ;
; Assembler            ; PC-STE           ; Windows 10 ; 10.0       ; x86_64         ;
; Timing Analyzer      ; PC-STE           ; Windows 10 ; 10.0       ; x86_64         ;
; EDA Netlist Writer   ; PC-STE           ; Windows 10 ; 10.0       ; x86_64         ;
+----------------------+------------------+------------+------------+----------------+


------------
; Flow Log ;
------------
quartus_map --read_settings_files=on --write_settings_files=off blink -c blink
quartus_fit --read_settings_files=off --write_settings_files=off blink -c blink
quartus_asm --read_settings_files=off --write_settings_files=off blink -c blink
quartus_sta blink -c blink
quartus_eda --read_settings_files=off --write_settings_files=off blink -c blink



