Analysis & Synthesis report for top
Sat Feb 14 11:31:12 2026
Quartus Prime Version 24.1std.0 Build 1077 03/04/2025 SC Lite Edition


---------------------
; Table of Contents ;
---------------------
  1. Legal Notice
  2. Analysis & Synthesis Summary
  3. Analysis & Synthesis Settings
  4. Parallel Compilation
  5. Analysis & Synthesis Source Files Read
  6. Analysis & Synthesis Resource Usage Summary
  7. Analysis & Synthesis Resource Utilization by Entity
  8. State Machine - |top|debounce:Debounce_btn4|s_state
  9. State Machine - |top|debounce:Debounce_btn3|s_state
 10. State Machine - |top|debounce:Debounce_btn2|s_state
 11. State Machine - |top|debounce:Debounce_btn1|s_state
 12. State Machine - |top|debounce:Debounce_btn0|s_state
 13. Registers Removed During Synthesis
 14. Removed Registers Triggering Further Register Optimizations
 15. General Register Statistics
 16. Multiplexer Restructuring Statistics (Restructuring Performed)
 17. Parameter Settings for User Entity Instance: debounce:Debounce_btn0
 18. Parameter Settings for User Entity Instance: debounce:Debounce_btn1
 19. Parameter Settings for User Entity Instance: debounce:Debounce_btn2
 20. Parameter Settings for User Entity Instance: debounce:Debounce_btn3
 21. Parameter Settings for User Entity Instance: debounce:Debounce_btn4
 22. Parameter Settings for User Entity Instance: clock_generator:gen_1Hz
 23. Port Connectivity Checks: "debounce:Debounce_btn4"
 24. Port Connectivity Checks: "debounce:Debounce_btn3"
 25. Port Connectivity Checks: "debounce:Debounce_btn2"
 26. Port Connectivity Checks: "debounce:Debounce_btn1"
 27. Port Connectivity Checks: "debounce:Debounce_btn0"
 28. Post-Synthesis Netlist Statistics for Top Partition
 29. Elapsed Time Per Partition
 30. Analysis & Synthesis Messages



----------------
; Legal Notice ;
----------------
Copyright (C) 2025  Altera Corporation. All rights reserved.
Your use of Altera Corporation's design tools, logic functions 
and other software and tools, and any partner logic 
functions, and any output files from any of the foregoing 
(including device programming or simulation files), and any 
associated documentation or information are expressly subject 
to the terms and conditions of the Altera Program License 
Subscription Agreement, the Altera Quartus Prime License Agreement,
the Altera IP License Agreement, or other applicable license
agreement, including, without limitation, that your use is for
the sole purpose of programming logic devices manufactured by
Altera and sold by Altera or its authorized distributors.  Please
refer to the Altera Software License Subscription Agreements 
on the Quartus Prime software download page.



+--------------------------------------------------------------------------------------+
; Analysis & Synthesis Summary                                                         ;
+------------------------------------+-------------------------------------------------+
; Analysis & Synthesis Status        ; Successful - Sat Feb 14 11:31:12 2026           ;
; Quartus Prime Version              ; 24.1std.0 Build 1077 03/04/2025 SC Lite Edition ;
; Revision Name                      ; top                                             ;
; Top-level Entity Name              ; top                                             ;
; Family                             ; Cyclone IV E                                    ;
; Total logic elements               ; 49                                              ;
;     Total combinational functions  ; 49                                              ;
;     Dedicated logic registers      ; 27                                              ;
; Total registers                    ; 27                                              ;
; Total pins                         ; 12                                              ;
; Total virtual pins                 ; 0                                               ;
; Total memory bits                  ; 0                                               ;
; Embedded Multiplier 9-bit elements ; 0                                               ;
; Total PLLs                         ; 0                                               ;
+------------------------------------+-------------------------------------------------+


+------------------------------------------------------------------------------------------------------------+
; Analysis & Synthesis Settings                                                                              ;
+------------------------------------------------------------------+--------------------+--------------------+
; Option                                                           ; Setting            ; Default Value      ;
+------------------------------------------------------------------+--------------------+--------------------+
; Device                                                           ; EP4CE6E22C8L       ;                    ;
; Top-level entity name                                            ; top                ; top                ;
; Family name                                                      ; Cyclone IV E       ; Cyclone V          ;
; Allow Any Shift Register Size For Recognition                    ; On                 ; Off                ;
; Use smart compilation                                            ; Off                ; Off                ;
; Enable parallel Assembler and Timing Analyzer during compilation ; On                 ; On                 ;
; Enable compact report table                                      ; Off                ; Off                ;
; Restructure Multiplexers                                         ; Auto               ; Auto               ;
; Create Debugging Nodes for IP Cores                              ; Off                ; Off                ;
; Preserve fewer node names                                        ; On                 ; On                 ;
; Intel FPGA IP Evaluation Mode                                    ; Enable             ; Enable             ;
; Verilog Version                                                  ; Verilog_2001       ; Verilog_2001       ;
; VHDL Version                                                     ; VHDL_1993          ; VHDL_1993          ;
; State Machine Processing                                         ; Auto               ; Auto               ;
; Safe State Machine                                               ; Off                ; Off                ;
; Extract Verilog State Machines                                   ; On                 ; On                 ;
; Extract VHDL State Machines                                      ; On                 ; On                 ;
; Ignore Verilog initial constructs                                ; Off                ; Off                ;
; Iteration limit for constant Verilog loops                       ; 5000               ; 5000               ;
; Iteration limit for non-constant Verilog loops                   ; 250                ; 250                ;
; Add Pass-Through Logic to Inferred RAMs                          ; On                 ; On                 ;
; Infer RAMs from Raw Logic                                        ; On                 ; On                 ;
; Parallel Synthesis                                               ; On                 ; On                 ;
; DSP Block Balancing                                              ; Auto               ; Auto               ;
; NOT Gate Push-Back                                               ; On                 ; On                 ;
; Power-Up Don't Care                                              ; On                 ; On                 ;
; Remove Redundant Logic Cells                                     ; Off                ; Off                ;
; Remove Duplicate Registers                                       ; On                 ; On                 ;
; Ignore CARRY Buffers                                             ; Off                ; Off                ;
; Ignore CASCADE Buffers                                           ; Off                ; Off                ;
; Ignore GLOBAL Buffers                                            ; Off                ; Off                ;
; Ignore ROW GLOBAL Buffers                                        ; Off                ; Off                ;
; Ignore LCELL Buffers                                             ; Off                ; Off                ;
; Ignore SOFT Buffers                                              ; On                 ; On                 ;
; Limit AHDL Integers to 32 Bits                                   ; Off                ; Off                ;
; Optimization Technique                                           ; Balanced           ; Balanced           ;
; Carry Chain Length                                               ; 70                 ; 70                 ;
; Auto Carry Chains                                                ; On                 ; On                 ;
; Auto Open-Drain Pins                                             ; On                 ; On                 ;
; Perform WYSIWYG Primitive Resynthesis                            ; Off                ; Off                ;
; Auto ROM Replacement                                             ; On                 ; On                 ;
; Auto RAM Replacement                                             ; On                 ; On                 ;
; Auto DSP Block Replacement                                       ; On                 ; On                 ;
; Auto Shift Register Replacement                                  ; Auto               ; Auto               ;
; Allow Shift Register Merging across Hierarchies                  ; Auto               ; Auto               ;
; Auto Clock Enable Replacement                                    ; On                 ; On                 ;
; Strict RAM Replacement                                           ; Off                ; Off                ;
; Allow Synchronous Control Signals                                ; On                 ; On                 ;
; Force Use of Synchronous Clear Signals                           ; Off                ; Off                ;
; Auto RAM Block Balancing                                         ; On                 ; On                 ;
; Auto RAM to Logic Cell Conversion                                ; Off                ; Off                ;
; Auto Resource Sharing                                            ; Off                ; Off                ;
; Allow Any RAM Size For Recognition                               ; Off                ; Off                ;
; Allow Any ROM Size For Recognition                               ; Off                ; Off                ;
; Use LogicLock Constraints during Resource Balancing              ; On                 ; On                 ;
; Ignore translate_off and synthesis_off directives                ; Off                ; Off                ;
; Timing-Driven Synthesis                                          ; On                 ; On                 ;
; Report Parameter Settings                                        ; On                 ; On                 ;
; Report Source Assignments                                        ; On                 ; On                 ;
; Report Connectivity Checks                                       ; On                 ; On                 ;
; Ignore Maximum Fan-Out Assignments                               ; Off                ; Off                ;
; Synchronization Register Chain Length                            ; 2                  ; 2                  ;
; Power Optimization During Synthesis                              ; Normal compilation ; Normal compilation ;
; HDL message level                                                ; Level2             ; Level2             ;
; Suppress Register Optimization Related Messages                  ; Off                ; Off                ;
; Number of Removed Registers Reported in Synthesis Report         ; 5000               ; 5000               ;
; Number of Swept Nodes Reported in Synthesis Report               ; 5000               ; 5000               ;
; Number of Inverted Registers Reported in Synthesis Report        ; 100                ; 100                ;
; Clock MUX Protection                                             ; On                 ; On                 ;
; Auto Gated Clock Conversion                                      ; Off                ; Off                ;
; Block Design Naming                                              ; Auto               ; Auto               ;
; SDC constraint protection                                        ; Off                ; Off                ;
; Synthesis Effort                                                 ; Auto               ; Auto               ;
; Shift Register Replacement - Allow Asynchronous Clear Signal     ; On                 ; On                 ;
; Pre-Mapping Resynthesis Optimization                             ; Off                ; Off                ;
; Analysis & Synthesis Message Level                               ; Medium             ; Medium             ;
; Disable Register Merging Across Hierarchies                      ; Auto               ; Auto               ;
; Resource Aware Inference For Block RAM                           ; On                 ; On                 ;
+------------------------------------------------------------------+--------------------+--------------------+


+------------------------------------------+
; Parallel Compilation                     ;
+----------------------------+-------------+
; Processors                 ; Number      ;
+----------------------------+-------------+
; Number detected on machine ; 32          ;
; Maximum allowed            ; 16          ;
;                            ;             ;
; Average used               ; 1.00        ;
; Maximum used               ; 16          ;
;                            ;             ;
; Usage by Processor         ; % Time Used ;
;     Processor 1            ; 100.0%      ;
;     Processors 2-16        ;   0.0%      ;
+----------------------------+-------------+


+--------------------------------------------------------------------------------------------------------------------------------------------+
; Analysis & Synthesis Source Files Read                                                                                                     ;
+----------------------------------+-----------------+-----------------+-----------------------------------------------------------+---------+
; File Name with User-Entered Path ; Used in Netlist ; File Type       ; File Name with Absolute Path                              ; Library ;
+----------------------------------+-----------------+-----------------+-----------------------------------------------------------+---------+
; _VHDL/debounce.vhd               ; yes             ; User VHDL File  ; C:/Users/stefa/Desktop/template/_VHDL/debounce.vhd        ;         ;
; _vhdl/top.vhd                    ; yes             ; User VHDL File  ; C:/Users/stefa/Desktop/template/_vhdl/top.vhd             ;         ;
; _vhdl/clock_generator.vhd        ; yes             ; User VHDL File  ; C:/Users/stefa/Desktop/template/_vhdl/clock_generator.vhd ;         ;
+----------------------------------+-----------------+-----------------+-----------------------------------------------------------+---------+


+------------------------------------------------------------------+
; Analysis & Synthesis Resource Usage Summary                      ;
+---------------------------------------------+--------------------+
; Resource                                    ; Usage              ;
+---------------------------------------------+--------------------+
; Estimated Total logic elements              ; 49                 ;
;                                             ;                    ;
; Total combinational functions               ; 49                 ;
; Logic element usage by number of LUT inputs ;                    ;
;     -- 4 input functions                    ; 8                  ;
;     -- 3 input functions                    ; 0                  ;
;     -- <=2 input functions                  ; 41                 ;
;                                             ;                    ;
; Logic elements by mode                      ;                    ;
;     -- normal mode                          ; 24                 ;
;     -- arithmetic mode                      ; 25                 ;
;                                             ;                    ;
; Total registers                             ; 27                 ;
;     -- Dedicated logic registers            ; 27                 ;
;     -- I/O registers                        ; 0                  ;
;                                             ;                    ;
; I/O pins                                    ; 12                 ;
;                                             ;                    ;
; Embedded Multiplier 9-bit elements          ; 0                  ;
;                                             ;                    ;
; Maximum fan-out node                        ; FPGA_CLK1_50~input ;
; Maximum fan-out                             ; 27                 ;
; Total fan-out                               ; 184                ;
; Average fan-out                             ; 1.84               ;
+---------------------------------------------+--------------------+


+-------------------------------------------------------------------------------------------------------------------------------------------------------------------------------------------------------------------------+
; Analysis & Synthesis Resource Utilization by Entity                                                                                                                                                                     ;
+------------------------------+---------------------+---------------------------+-------------+--------------+---------+-----------+------+--------------+------------------------------+-----------------+--------------+
; Compilation Hierarchy Node   ; Combinational ALUTs ; Dedicated Logic Registers ; Memory Bits ; DSP Elements ; DSP 9x9 ; DSP 18x18 ; Pins ; Virtual Pins ; Full Hierarchy Name          ; Entity Name     ; Library Name ;
+------------------------------+---------------------+---------------------------+-------------+--------------+---------+-----------+------+--------------+------------------------------+-----------------+--------------+
; |top                         ; 49 (0)              ; 27 (0)                    ; 0           ; 0            ; 0       ; 0         ; 12   ; 0            ; |top                         ; top             ; work         ;
;    |clock_generator:gen_1Hz| ; 49 (49)             ; 27 (27)                   ; 0           ; 0            ; 0       ; 0         ; 0    ; 0            ; |top|clock_generator:gen_1Hz ; clock_generator ; work         ;
+------------------------------+---------------------+---------------------------+-------------+--------------+---------+-----------+------+--------------+------------------------------+-----------------+--------------+
Note: For table entries with two numbers listed, the numbers in parentheses indicate the number of resources of the given type used by the specific entity alone. The numbers listed outside of parentheses indicate the total resources of the given type used by the specific entity and all of its sub-entities in the hierarchy.


Encoding Type:  One-Hot
+--------------------------------------------------------------------------+
; State Machine - |top|debounce:Debounce_btn4|s_state                      ;
+--------------------+-----------------+--------------------+--------------+
; Name               ; s_state.LOCKOUT ; s_state.DEBOUNCING ; s_state.IDLE ;
+--------------------+-----------------+--------------------+--------------+
; s_state.IDLE       ; 0               ; 0                  ; 0            ;
; s_state.DEBOUNCING ; 0               ; 1                  ; 1            ;
; s_state.LOCKOUT    ; 1               ; 0                  ; 1            ;
+--------------------+-----------------+--------------------+--------------+


Encoding Type:  One-Hot
+--------------------------------------------------------------------------+
; State Machine - |top|debounce:Debounce_btn3|s_state                      ;
+--------------------+-----------------+--------------------+--------------+
; Name               ; s_state.LOCKOUT ; s_state.DEBOUNCING ; s_state.IDLE ;
+--------------------+-----------------+--------------------+--------------+
; s_state.IDLE       ; 0               ; 0                  ; 0            ;
; s_state.DEBOUNCING ; 0               ; 1                  ; 1            ;
; s_state.LOCKOUT    ; 1               ; 0                  ; 1            ;
+--------------------+-----------------+--------------------+--------------+


Encoding Type:  One-Hot
+--------------------------------------------------------------------------+
; State Machine - |top|debounce:Debounce_btn2|s_state                      ;
+--------------------+-----------------+--------------------+--------------+
; Name               ; s_state.LOCKOUT ; s_state.DEBOUNCING ; s_state.IDLE ;
+--------------------+-----------------+--------------------+--------------+
; s_state.IDLE       ; 0               ; 0                  ; 0            ;
; s_state.DEBOUNCING ; 0               ; 1                  ; 1            ;
; s_state.LOCKOUT    ; 1               ; 0                  ; 1            ;
+--------------------+-----------------+--------------------+--------------+


Encoding Type:  One-Hot
+--------------------------------------------------------------------------+
; State Machine - |top|debounce:Debounce_btn1|s_state                      ;
+--------------------+-----------------+--------------------+--------------+
; Name               ; s_state.LOCKOUT ; s_state.DEBOUNCING ; s_state.IDLE ;
+--------------------+-----------------+--------------------+--------------+
; s_state.IDLE       ; 0               ; 0                  ; 0            ;
; s_state.DEBOUNCING ; 0               ; 1                  ; 1            ;
; s_state.LOCKOUT    ; 1               ; 0                  ; 1            ;
+--------------------+-----------------+--------------------+--------------+


Encoding Type:  One-Hot
+--------------------------------------------------------------------------+
; State Machine - |top|debounce:Debounce_btn0|s_state                      ;
+--------------------+-----------------+--------------------+--------------+
; Name               ; s_state.LOCKOUT ; s_state.DEBOUNCING ; s_state.IDLE ;
+--------------------+-----------------+--------------------+--------------+
; s_state.IDLE       ; 0               ; 0                  ; 0            ;
; s_state.DEBOUNCING ; 0               ; 1                  ; 1            ;
; s_state.LOCKOUT    ; 1               ; 0                  ; 1            ;
+--------------------+-----------------+--------------------+--------------+


+----------------------------------------------------------------+
; Registers Removed During Synthesis                             ;
+-------------------------------------------+--------------------+
; Register name                             ; Reason for Removal ;
+-------------------------------------------+--------------------+
; debounce:Debounce_btn4|s_counter[0..23]   ; Lost fanout        ;
; debounce:Debounce_btn3|s_counter[0..23]   ; Lost fanout        ;
; debounce:Debounce_btn2|s_counter[0..23]   ; Lost fanout        ;
; debounce:Debounce_btn1|s_counter[0..23]   ; Lost fanout        ;
; debounce:Debounce_btn0|s_counter[0..23]   ; Lost fanout        ;
; debounce:Debounce_btn4|s_state.IDLE       ; Lost fanout        ;
; debounce:Debounce_btn4|s_state.DEBOUNCING ; Lost fanout        ;
; debounce:Debounce_btn4|s_state.LOCKOUT    ; Lost fanout        ;
; debounce:Debounce_btn3|s_state.IDLE       ; Lost fanout        ;
; debounce:Debounce_btn3|s_state.DEBOUNCING ; Lost fanout        ;
; debounce:Debounce_btn3|s_state.LOCKOUT    ; Lost fanout        ;
; debounce:Debounce_btn2|s_state.IDLE       ; Lost fanout        ;
; debounce:Debounce_btn2|s_state.DEBOUNCING ; Lost fanout        ;
; debounce:Debounce_btn2|s_state.LOCKOUT    ; Lost fanout        ;
; debounce:Debounce_btn1|s_state.IDLE       ; Lost fanout        ;
; debounce:Debounce_btn1|s_state.DEBOUNCING ; Lost fanout        ;
; debounce:Debounce_btn1|s_state.LOCKOUT    ; Lost fanout        ;
; debounce:Debounce_btn0|s_state.IDLE       ; Lost fanout        ;
; debounce:Debounce_btn0|s_state.DEBOUNCING ; Lost fanout        ;
; debounce:Debounce_btn0|s_state.LOCKOUT    ; Lost fanout        ;
; Total Number of Removed Registers = 135   ;                    ;
+-------------------------------------------+--------------------+


+-----------------------------------------------------------------------------------------------------------------------------------------------+
; Removed Registers Triggering Further Register Optimizations                                                                                   ;
+--------------------------------------+--------------------+-----------------------------------------------------------------------------------+
; Register name                        ; Reason for Removal ; Registers Removed due to This Register                                            ;
+--------------------------------------+--------------------+-----------------------------------------------------------------------------------+
; debounce:Debounce_btn4|s_counter[23] ; Lost Fanouts       ; debounce:Debounce_btn4|s_counter[22], debounce:Debounce_btn4|s_counter[21],       ;
;                                      ;                    ; debounce:Debounce_btn4|s_counter[20], debounce:Debounce_btn4|s_counter[19],       ;
;                                      ;                    ; debounce:Debounce_btn4|s_counter[18], debounce:Debounce_btn4|s_counter[17],       ;
;                                      ;                    ; debounce:Debounce_btn4|s_counter[16], debounce:Debounce_btn4|s_counter[15],       ;
;                                      ;                    ; debounce:Debounce_btn4|s_counter[14], debounce:Debounce_btn4|s_counter[13],       ;
;                                      ;                    ; debounce:Debounce_btn4|s_counter[12], debounce:Debounce_btn4|s_counter[11],       ;
;                                      ;                    ; debounce:Debounce_btn4|s_counter[10], debounce:Debounce_btn4|s_counter[9],        ;
;                                      ;                    ; debounce:Debounce_btn4|s_counter[8], debounce:Debounce_btn4|s_counter[7],         ;
;                                      ;                    ; debounce:Debounce_btn4|s_counter[6], debounce:Debounce_btn4|s_counter[5],         ;
;                                      ;                    ; debounce:Debounce_btn4|s_counter[4], debounce:Debounce_btn4|s_counter[3],         ;
;                                      ;                    ; debounce:Debounce_btn4|s_counter[2], debounce:Debounce_btn4|s_counter[1],         ;
;                                      ;                    ; debounce:Debounce_btn4|s_counter[0], debounce:Debounce_btn4|s_state.IDLE,         ;
;                                      ;                    ; debounce:Debounce_btn4|s_state.DEBOUNCING, debounce:Debounce_btn4|s_state.LOCKOUT ;
; debounce:Debounce_btn3|s_counter[23] ; Lost Fanouts       ; debounce:Debounce_btn3|s_counter[22], debounce:Debounce_btn3|s_counter[21],       ;
;                                      ;                    ; debounce:Debounce_btn3|s_counter[20], debounce:Debounce_btn3|s_counter[19],       ;
;                                      ;                    ; debounce:Debounce_btn3|s_counter[18], debounce:Debounce_btn3|s_counter[17],       ;
;                                      ;                    ; debounce:Debounce_btn3|s_counter[16], debounce:Debounce_btn3|s_counter[15],       ;
;                                      ;                    ; debounce:Debounce_btn3|s_counter[14], debounce:Debounce_btn3|s_counter[13],       ;
;                                      ;                    ; debounce:Debounce_btn3|s_counter[12], debounce:Debounce_btn3|s_counter[11],       ;
;                                      ;                    ; debounce:Debounce_btn3|s_counter[10], debounce:Debounce_btn3|s_counter[9],        ;
;                                      ;                    ; debounce:Debounce_btn3|s_counter[8], debounce:Debounce_btn3|s_counter[7],         ;
;                                      ;                    ; debounce:Debounce_btn3|s_counter[6], debounce:Debounce_btn3|s_counter[5],         ;
;                                      ;                    ; debounce:Debounce_btn3|s_counter[4], debounce:Debounce_btn3|s_counter[3],         ;
;                                      ;                    ; debounce:Debounce_btn3|s_counter[2], debounce:Debounce_btn3|s_counter[1],         ;
;                                      ;                    ; debounce:Debounce_btn3|s_counter[0], debounce:Debounce_btn3|s_state.IDLE,         ;
;                                      ;                    ; debounce:Debounce_btn3|s_state.DEBOUNCING, debounce:Debounce_btn3|s_state.LOCKOUT ;
; debounce:Debounce_btn2|s_counter[23] ; Lost Fanouts       ; debounce:Debounce_btn2|s_counter[22], debounce:Debounce_btn2|s_counter[21],       ;
;                                      ;                    ; debounce:Debounce_btn2|s_counter[20], debounce:Debounce_btn2|s_counter[19],       ;
;                                      ;                    ; debounce:Debounce_btn2|s_counter[18], debounce:Debounce_btn2|s_counter[17],       ;
;                                      ;                    ; debounce:Debounce_btn2|s_counter[16], debounce:Debounce_btn2|s_counter[15],       ;
;                                      ;                    ; debounce:Debounce_btn2|s_counter[14], debounce:Debounce_btn2|s_counter[13],       ;
;                                      ;                    ; debounce:Debounce_btn2|s_counter[12], debounce:Debounce_btn2|s_counter[11],       ;
;                                      ;                    ; debounce:Debounce_btn2|s_counter[10], debounce:Debounce_btn2|s_counter[9],        ;
;                                      ;                    ; debounce:Debounce_btn2|s_counter[8], debounce:Debounce_btn2|s_counter[7],         ;
;                                      ;                    ; debounce:Debounce_btn2|s_counter[6], debounce:Debounce_btn2|s_counter[5],         ;
;                                      ;                    ; debounce:Debounce_btn2|s_counter[4], debounce:Debounce_btn2|s_counter[3],         ;
;                                      ;                    ; debounce:Debounce_btn2|s_counter[2], debounce:Debounce_btn2|s_counter[1],         ;
;                                      ;                    ; debounce:Debounce_btn2|s_counter[0], debounce:Debounce_btn2|s_state.IDLE,         ;
;                                      ;                    ; debounce:Debounce_btn2|s_state.DEBOUNCING, debounce:Debounce_btn2|s_state.LOCKOUT ;
; debounce:Debounce_btn1|s_counter[23] ; Lost Fanouts       ; debounce:Debounce_btn1|s_counter[22], debounce:Debounce_btn1|s_counter[21],       ;
;                                      ;                    ; debounce:Debounce_btn1|s_counter[20], debounce:Debounce_btn1|s_counter[19],       ;
;                                      ;                    ; debounce:Debounce_btn1|s_counter[18], debounce:Debounce_btn1|s_counter[17],       ;
;                                      ;                    ; debounce:Debounce_btn1|s_counter[16], debounce:Debounce_btn1|s_counter[15],       ;
;                                      ;                    ; debounce:Debounce_btn1|s_counter[14], debounce:Debounce_btn1|s_counter[13],       ;
;                                      ;                    ; debounce:Debounce_btn1|s_counter[12], debounce:Debounce_btn1|s_counter[11],       ;
;                                      ;                    ; debounce:Debounce_btn1|s_counter[10], debounce:Debounce_btn1|s_counter[9],        ;
;                                      ;                    ; debounce:Debounce_btn1|s_counter[8], debounce:Debounce_btn1|s_counter[7],         ;
;                                      ;                    ; debounce:Debounce_btn1|s_counter[6], debounce:Debounce_btn1|s_counter[5],         ;
;                                      ;                    ; debounce:Debounce_btn1|s_counter[4], debounce:Debounce_btn1|s_counter[3],         ;
;                                      ;                    ; debounce:Debounce_btn1|s_counter[2], debounce:Debounce_btn1|s_counter[1],         ;
;                                      ;                    ; debounce:Debounce_btn1|s_counter[0], debounce:Debounce_btn1|s_state.IDLE,         ;
;                                      ;                    ; debounce:Debounce_btn1|s_state.DEBOUNCING, debounce:Debounce_btn1|s_state.LOCKOUT ;
; debounce:Debounce_btn0|s_counter[23] ; Lost Fanouts       ; debounce:Debounce_btn0|s_counter[22], debounce:Debounce_btn0|s_counter[21],       ;
;                                      ;                    ; debounce:Debounce_btn0|s_counter[20], debounce:Debounce_btn0|s_counter[19],       ;
;                                      ;                    ; debounce:Debounce_btn0|s_counter[18], debounce:Debounce_btn0|s_counter[17],       ;
;                                      ;                    ; debounce:Debounce_btn0|s_counter[16], debounce:Debounce_btn0|s_counter[15],       ;
;                                      ;                    ; debounce:Debounce_btn0|s_counter[14], debounce:Debounce_btn0|s_counter[13],       ;
;                                      ;                    ; debounce:Debounce_btn0|s_counter[12], debounce:Debounce_btn0|s_counter[11],       ;
;                                      ;                    ; debounce:Debounce_btn0|s_counter[10], debounce:Debounce_btn0|s_counter[9],        ;
;                                      ;                    ; debounce:Debounce_btn0|s_counter[8], debounce:Debounce_btn0|s_counter[7],         ;
;                                      ;                    ; debounce:Debounce_btn0|s_counter[6], debounce:Debounce_btn0|s_counter[5],         ;
;                                      ;                    ; debounce:Debounce_btn0|s_counter[4], debounce:Debounce_btn0|s_counter[3],         ;
;                                      ;                    ; debounce:Debounce_btn0|s_counter[2], debounce:Debounce_btn0|s_counter[1],         ;
;                                      ;                    ; debounce:Debounce_btn0|s_counter[0], debounce:Debounce_btn0|s_state.IDLE,         ;
;                                      ;                    ; debounce:Debounce_btn0|s_state.DEBOUNCING, debounce:Debounce_btn0|s_state.LOCKOUT ;
+--------------------------------------+--------------------+-----------------------------------------------------------------------------------+


+------------------------------------------------------+
; General Register Statistics                          ;
+----------------------------------------------+-------+
; Statistic                                    ; Value ;
+----------------------------------------------+-------+
; Total registers                              ; 27    ;
; Number of registers using Synchronous Clear  ; 0     ;
; Number of registers using Synchronous Load   ; 0     ;
; Number of registers using Asynchronous Clear ; 0     ;
; Number of registers using Asynchronous Load  ; 0     ;
; Number of registers using Clock Enable       ; 0     ;
; Number of registers using Preset             ; 0     ;
+----------------------------------------------+-------+


+---------------------------------------------------------------------------------------------------------------------------------------------------------+
; Multiplexer Restructuring Statistics (Restructuring Performed)                                                                                          ;
+--------------------+-----------+---------------+----------------------+------------------------+------------+-------------------------------------------+
; Multiplexer Inputs ; Bus Width ; Baseline Area ; Area if Restructured ; Saving if Restructured ; Registered ; Example Multiplexer Output                ;
+--------------------+-----------+---------------+----------------------+------------------------+------------+-------------------------------------------+
; 7:1                ; 24 bits   ; 96 LEs        ; 24 LEs               ; 72 LEs                 ; Yes        ; |top|debounce:Debounce_btn4|s_counter[18] ;
; 7:1                ; 24 bits   ; 96 LEs        ; 24 LEs               ; 72 LEs                 ; Yes        ; |top|debounce:Debounce_btn3|s_counter[5]  ;
; 7:1                ; 24 bits   ; 96 LEs        ; 24 LEs               ; 72 LEs                 ; Yes        ; |top|debounce:Debounce_btn2|s_counter[2]  ;
; 7:1                ; 24 bits   ; 96 LEs        ; 24 LEs               ; 72 LEs                 ; Yes        ; |top|debounce:Debounce_btn1|s_counter[19] ;
; 7:1                ; 24 bits   ; 96 LEs        ; 24 LEs               ; 72 LEs                 ; Yes        ; |top|debounce:Debounce_btn0|s_counter[12] ;
; 7:1                ; 3 bits    ; 12 LEs        ; 9 LEs                ; 3 LEs                  ; No         ; |top|debounce:Debounce_btn4|Selector1     ;
; 7:1                ; 3 bits    ; 12 LEs        ; 9 LEs                ; 3 LEs                  ; No         ; |top|debounce:Debounce_btn3|Selector2     ;
; 7:1                ; 3 bits    ; 12 LEs        ; 9 LEs                ; 3 LEs                  ; No         ; |top|debounce:Debounce_btn2|Selector0     ;
; 7:1                ; 3 bits    ; 12 LEs        ; 9 LEs                ; 3 LEs                  ; No         ; |top|debounce:Debounce_btn1|Selector2     ;
; 7:1                ; 3 bits    ; 12 LEs        ; 9 LEs                ; 3 LEs                  ; No         ; |top|debounce:Debounce_btn0|Selector2     ;
+--------------------+-----------+---------------+----------------------+------------------------+------------+-------------------------------------------+


+---------------------------------------------------------------------+
; Parameter Settings for User Entity Instance: debounce:Debounce_btn0 ;
+------------------+----------+---------------------------------------+
; Parameter Name   ; Value    ; Type                                  ;
+------------------+----------+---------------------------------------+
; clk_freq         ; 50000000 ; Signed Integer                        ;
; debounce_time_ms ; 20       ; Signed Integer                        ;
; lockout_time_ms  ; 200      ; Signed Integer                        ;
+------------------+----------+---------------------------------------+
Note: In order to hide this table in the UI and the text report file, please set the "Show Parameter Settings in Synthesis Report" option in "Analysis and Synthesis Settings -> More Settings" to "Off".


+---------------------------------------------------------------------+
; Parameter Settings for User Entity Instance: debounce:Debounce_btn1 ;
+------------------+----------+---------------------------------------+
; Parameter Name   ; Value    ; Type                                  ;
+------------------+----------+---------------------------------------+
; clk_freq         ; 50000000 ; Signed Integer                        ;
; debounce_time_ms ; 20       ; Signed Integer                        ;
; lockout_time_ms  ; 200      ; Signed Integer                        ;
+------------------+----------+---------------------------------------+
Note: In order to hide this table in the UI and the text report file, please set the "Show Parameter Settings in Synthesis Report" option in "Analysis and Synthesis Settings -> More Settings" to "Off".


+---------------------------------------------------------------------+
; Parameter Settings for User Entity Instance: debounce:Debounce_btn2 ;
+------------------+----------+---------------------------------------+
; Parameter Name   ; Value    ; Type                                  ;
+------------------+----------+---------------------------------------+
; clk_freq         ; 50000000 ; Signed Integer                        ;
; debounce_time_ms ; 20       ; Signed Integer                        ;
; lockout_time_ms  ; 200      ; Signed Integer                        ;
+------------------+----------+---------------------------------------+
Note: In order to hide this table in the UI and the text report file, please set the "Show Parameter Settings in Synthesis Report" option in "Analysis and Synthesis Settings -> More Settings" to "Off".


+---------------------------------------------------------------------+
; Parameter Settings for User Entity Instance: debounce:Debounce_btn3 ;
+------------------+----------+---------------------------------------+
; Parameter Name   ; Value    ; Type                                  ;
+------------------+----------+---------------------------------------+
; clk_freq         ; 50000000 ; Signed Integer                        ;
; debounce_time_ms ; 20       ; Signed Integer                        ;
; lockout_time_ms  ; 200      ; Signed Integer                        ;
+------------------+----------+---------------------------------------+
Note: In order to hide this table in the UI and the text report file, please set the "Show Parameter Settings in Synthesis Report" option in "Analysis and Synthesis Settings -> More Settings" to "Off".


+---------------------------------------------------------------------+
; Parameter Settings for User Entity Instance: debounce:Debounce_btn4 ;
+------------------+----------+---------------------------------------+
; Parameter Name   ; Value    ; Type                                  ;
+------------------+----------+---------------------------------------+
; clk_freq         ; 50000000 ; Signed Integer                        ;
; debounce_time_ms ; 20       ; Signed Integer                        ;
; lockout_time_ms  ; 200      ; Signed Integer                        ;
+------------------+----------+---------------------------------------+
Note: In order to hide this table in the UI and the text report file, please set the "Show Parameter Settings in Synthesis Report" option in "Analysis and Synthesis Settings -> More Settings" to "Off".


+----------------------------------------------------------------------+
; Parameter Settings for User Entity Instance: clock_generator:gen_1Hz ;
+-----------------+----------+-----------------------------------------+
; Parameter Name  ; Value    ; Type                                    ;
+-----------------+----------+-----------------------------------------+
; clock_in_speed  ; 50000000 ; Signed Integer                          ;
; clock_out_speed ; 1        ; Signed Integer                          ;
+-----------------+----------+-----------------------------------------+
Note: In order to hide this table in the UI and the text report file, please set the "Show Parameter Settings in Synthesis Report" option in "Analysis and Synthesis Settings -> More Settings" to "Off".


+-------------------------------------------------------------------------------------------------------------------+
; Port Connectivity Checks: "debounce:Debounce_btn4"                                                                ;
+---------+--------+----------+-------------------------------------------------------------------------------------+
; Port    ; Type   ; Severity ; Details                                                                             ;
+---------+--------+----------+-------------------------------------------------------------------------------------+
; i_rst   ; Input  ; Info     ; Stuck at GND                                                                        ;
; o_pulse ; Output ; Info     ; Connected to dangling logic. Logic that only feeds a dangling port will be removed. ;
+---------+--------+----------+-------------------------------------------------------------------------------------+


+-------------------------------------------------------------------------------------------------------------------+
; Port Connectivity Checks: "debounce:Debounce_btn3"                                                                ;
+---------+--------+----------+-------------------------------------------------------------------------------------+
; Port    ; Type   ; Severity ; Details                                                                             ;
+---------+--------+----------+-------------------------------------------------------------------------------------+
; i_rst   ; Input  ; Info     ; Stuck at GND                                                                        ;
; o_pulse ; Output ; Info     ; Connected to dangling logic. Logic that only feeds a dangling port will be removed. ;
+---------+--------+----------+-------------------------------------------------------------------------------------+


+-------------------------------------------------------------------------------------------------------------------+
; Port Connectivity Checks: "debounce:Debounce_btn2"                                                                ;
+---------+--------+----------+-------------------------------------------------------------------------------------+
; Port    ; Type   ; Severity ; Details                                                                             ;
+---------+--------+----------+-------------------------------------------------------------------------------------+
; i_rst   ; Input  ; Info     ; Stuck at GND                                                                        ;
; o_pulse ; Output ; Info     ; Connected to dangling logic. Logic that only feeds a dangling port will be removed. ;
+---------+--------+----------+-------------------------------------------------------------------------------------+


+-------------------------------------------------------------------------------------------------------------------+
; Port Connectivity Checks: "debounce:Debounce_btn1"                                                                ;
+---------+--------+----------+-------------------------------------------------------------------------------------+
; Port    ; Type   ; Severity ; Details                                                                             ;
+---------+--------+----------+-------------------------------------------------------------------------------------+
; i_rst   ; Input  ; Info     ; Stuck at GND                                                                        ;
; o_pulse ; Output ; Info     ; Connected to dangling logic. Logic that only feeds a dangling port will be removed. ;
+---------+--------+----------+-------------------------------------------------------------------------------------+


+-------------------------------------------------------------------------------------------------------------------+
; Port Connectivity Checks: "debounce:Debounce_btn0"                                                                ;
+---------+--------+----------+-------------------------------------------------------------------------------------+
; Port    ; Type   ; Severity ; Details                                                                             ;
+---------+--------+----------+-------------------------------------------------------------------------------------+
; i_rst   ; Input  ; Info     ; Stuck at GND                                                                        ;
; o_pulse ; Output ; Info     ; Connected to dangling logic. Logic that only feeds a dangling port will be removed. ;
+---------+--------+----------+-------------------------------------------------------------------------------------+


+-----------------------------------------------------+
; Post-Synthesis Netlist Statistics for Top Partition ;
+-----------------------+-----------------------------+
; Type                  ; Count                       ;
+-----------------------+-----------------------------+
; boundary_port         ; 12                          ;
; cycloneiii_ff         ; 27                          ;
;     plain             ; 27                          ;
; cycloneiii_lcell_comb ; 50                          ;
;     arith             ; 25                          ;
;         2 data inputs ; 25                          ;
;     normal            ; 25                          ;
;         1 data inputs ; 2                           ;
;         2 data inputs ; 15                          ;
;         4 data inputs ; 8                           ;
;                       ;                             ;
; Max LUT depth         ; 4.40                        ;
; Average LUT depth     ; 3.57                        ;
+-----------------------+-----------------------------+


+-------------------------------+
; Elapsed Time Per Partition    ;
+----------------+--------------+
; Partition Name ; Elapsed Time ;
+----------------+--------------+
; Top            ; 00:00:00     ;
+----------------+--------------+


+-------------------------------+
; Analysis & Synthesis Messages ;
+-------------------------------+
Info: *******************************************************************
Info: Running Quartus Prime Analysis & Synthesis
    Info: Version 24.1std.0 Build 1077 03/04/2025 SC Lite Edition
    Info: Processing started: Sat Feb 14 11:31:07 2026
Info: Command: quartus_map --read_settings_files=on --write_settings_files=off top -c top
Warning (18236): Number of processors has not been specified which may cause overloading on shared machines.  Set the global assignment NUM_PARALLEL_PROCESSORS in your QSF to an appropriate value for best performance.
Info (20030): Parallel compilation is enabled and will use 16 of the 32 processors detected
Info (12021): Found 2 design units, including 1 entities, in source file _vhdl/debounce.vhd
    Info (12022): Found design unit 1: debounce-rtl File: C:/Users/stefa/Desktop/template/_VHDL/debounce.vhd Line: 20
    Info (12023): Found entity 1: debounce File: C:/Users/stefa/Desktop/template/_VHDL/debounce.vhd Line: 6
Info (12021): Found 2 design units, including 1 entities, in source file _vhdl/top.vhd
    Info (12022): Found design unit 1: top-logicfunction File: C:/Users/stefa/Desktop/template/_vhdl/top.vhd Line: 29
    Info (12023): Found entity 1: top File: C:/Users/stefa/Desktop/template/_vhdl/top.vhd Line: 12
Info (12021): Found 2 design units, including 1 entities, in source file _vhdl/clock_generator.vhd
    Info (12022): Found design unit 1: clock_generator-rtl File: C:/Users/stefa/Desktop/template/_vhdl/clock_generator.vhd Line: 15
    Info (12023): Found entity 1: clock_generator File: C:/Users/stefa/Desktop/template/_vhdl/clock_generator.vhd Line: 8
Info (12127): Elaborating entity "top" for the top level hierarchy
Warning (10540): VHDL Signal Declaration warning at top.vhd(36): used explicit default value for signal "w_reset" because signal was never assigned a value File: C:/Users/stefa/Desktop/template/_vhdl/top.vhd Line: 36
Warning (10036): Verilog HDL or VHDL warning at top.vhd(45): object "w_btn0" assigned a value but never read File: C:/Users/stefa/Desktop/template/_vhdl/top.vhd Line: 45
Warning (10036): Verilog HDL or VHDL warning at top.vhd(46): object "w_btn1" assigned a value but never read File: C:/Users/stefa/Desktop/template/_vhdl/top.vhd Line: 46
Warning (10036): Verilog HDL or VHDL warning at top.vhd(47): object "w_btn2" assigned a value but never read File: C:/Users/stefa/Desktop/template/_vhdl/top.vhd Line: 47
Warning (10036): Verilog HDL or VHDL warning at top.vhd(48): object "w_btn3" assigned a value but never read File: C:/Users/stefa/Desktop/template/_vhdl/top.vhd Line: 48
Warning (10036): Verilog HDL or VHDL warning at top.vhd(49): object "w_btn4" assigned a value but never read File: C:/Users/stefa/Desktop/template/_vhdl/top.vhd Line: 49
Warning (10036): Verilog HDL or VHDL warning at top.vhd(51): object "w_deb_btn0" assigned a value but never read File: C:/Users/stefa/Desktop/template/_vhdl/top.vhd Line: 51
Warning (10036): Verilog HDL or VHDL warning at top.vhd(52): object "w_deb_btn1" assigned a value but never read File: C:/Users/stefa/Desktop/template/_vhdl/top.vhd Line: 52
Warning (10036): Verilog HDL or VHDL warning at top.vhd(53): object "w_deb_btn2" assigned a value but never read File: C:/Users/stefa/Desktop/template/_vhdl/top.vhd Line: 53
Warning (10036): Verilog HDL or VHDL warning at top.vhd(54): object "w_deb_btn3" assigned a value but never read File: C:/Users/stefa/Desktop/template/_vhdl/top.vhd Line: 54
Warning (10036): Verilog HDL or VHDL warning at top.vhd(55): object "w_deb_btn4" assigned a value but never read File: C:/Users/stefa/Desktop/template/_vhdl/top.vhd Line: 55
Info (12128): Elaborating entity "debounce" for hierarchy "debounce:Debounce_btn0" File: C:/Users/stefa/Desktop/template/_vhdl/top.vhd Line: 63
Info (12128): Elaborating entity "clock_generator" for hierarchy "clock_generator:gen_1Hz" File: C:/Users/stefa/Desktop/template/_vhdl/top.vhd Line: 70
Info (286030): Timing-Driven Synthesis is running
Info (17049): 135 registers lost all their fanouts during netlist optimizations.
Info (16010): Generating hard_block partition "hard_block:auto_generated_inst"
    Info (16011): Adding 0 node(s), including 0 DDIO, 0 PLL, 0 transceiver and 0 LCELL
Warning (21074): Design contains 6 input pin(s) that do not drive logic
    Warning (15610): No output dependent on input pin "FPGA_CLK2_27" File: C:/Users/stefa/Desktop/template/_vhdl/top.vhd Line: 16
    Warning (15610): No output dependent on input pin "PCB_BT4" File: C:/Users/stefa/Desktop/template/_vhdl/top.vhd Line: 21
    Warning (15610): No output dependent on input pin "PCB_BT3" File: C:/Users/stefa/Desktop/template/_vhdl/top.vhd Line: 20
    Warning (15610): No output dependent on input pin "PCB_BT2" File: C:/Users/stefa/Desktop/template/_vhdl/top.vhd Line: 19
    Warning (15610): No output dependent on input pin "PCB_BT1" File: C:/Users/stefa/Desktop/template/_vhdl/top.vhd Line: 18
    Warning (15610): No output dependent on input pin "PCB_BT0" File: C:/Users/stefa/Desktop/template/_vhdl/top.vhd Line: 17
Info (21057): Implemented 61 device resources after synthesis - the final resource count might be different
    Info (21058): Implemented 7 input pins
    Info (21059): Implemented 5 output pins
    Info (21061): Implemented 49 logic cells
Info: Quartus Prime Analysis & Synthesis was successful. 0 errors, 19 warnings
    Info: Peak virtual memory: 4948 megabytes
    Info: Processing ended: Sat Feb 14 11:31:12 2026
    Info: Elapsed time: 00:00:05
    Info: Total CPU time (on all processors): 00:00:10


